# Logfile created on Sat Aug 15 13:25:35 -0400 2009 by /
Will use local index.
using index in /Users/danengle/workspace/clients/cashnetusa/lab2/index/development/project
[project] rebuild index with models: []
[project] reopening index at /Users/danengle/workspace/clients/cashnetusa/lab2/index/development/project
[project] register class Project with index project
[project] default field list for index project: [:title, :description]
using index in /Users/danengle/workspace/clients/cashnetusa/lab2/index/development/experiment
[experiment] rebuild index with models: []
[experiment] reopening index at /Users/danengle/workspace/clients/cashnetusa/lab2/index/development/experiment
[experiment] register class Experiment with index experiment
[experiment] default field list for index experiment: [:title, :description]
using index in /Users/danengle/workspace/clients/cashnetusa/lab2/index/development/note
[note] rebuild index with models: []
[note] reopening index at /Users/danengle/workspace/clients/cashnetusa/lab2/index/development/note
[note] register class Note with index note
[note] default field list for index note: [:title, :body]
[project] register class Project with index project
[project] refusing re-registration of class Project
[experiment] register class Experiment with index experiment
[experiment] refusing re-registration of class Experiment
[note] register class Note with index note
[note] refusing re-registration of class Note
[project] register class Project with index project
[project] refusing re-registration of class Project
[experiment] register class Experiment with index experiment
[experiment] refusing re-registration of class Experiment
[note] register class Note with index note
[note] refusing re-registration of class Note
index_for [Project(id: integer, title: string, description: text, created_at: datetime, updated_at: datetime)]
options: {:limit=>nil, :offset=>nil}
ar_options: {}
[project] stored_fields: nil
[project] query: total
-->+(title:total description:total) +(class_name:Project)
[project] now retrieving records from AR with options: {}
[project] 0 results from AR: []
Query: total
total hits: 0, results delivered: 0
index_for [Experiment(id: integer, project_id: integer, user_id: integer, title: string, description: text, created_at: datetime, updated_at: datetime)]
options: {:limit=>nil, :offset=>nil}
ar_options: {}
[experiment] stored_fields: nil
[experiment] query: total
-->+(title:total description:total) +(class_name:Experiment)
[experiment] now retrieving records from AR with options: {}
[experiment] 0 results from AR: []
Query: total
total hits: 0, results delivered: 0
index_for [Note(id: integer, experiment_id: integer, title: string, body: text, created_at: datetime, updated_at: datetime)]
options: {:condition=>["user_id = ?", 1], :limit=>nil, :offset=>nil}
ar_options: {}
[note] stored_fields: nil
[note] query: total
-->+(title:total body:total) +(class_name:Note)
[note] now retrieving records from AR with options: {}
[note] 0 results from AR: []
Query: total
total hits: 0, results delivered: 0
[project] register class Project with index project
[project] refusing re-registration of class Project
[experiment] register class Experiment with index experiment
[experiment] refusing re-registration of class Experiment
[note] register class Note with index note
[note] refusing re-registration of class Note
[project] register class Project with index project
[project] refusing re-registration of class Project
[experiment] register class Experiment with index experiment
[experiment] refusing re-registration of class Experiment
[note] register class Note with index note
[note] refusing re-registration of class Note
[project] register class Project with index project
[project] refusing re-registration of class Project
[experiment] register class Experiment with index experiment
[experiment] refusing re-registration of class Experiment
[note] register class Note with index note
[note] refusing re-registration of class Note
[project] register class Project with index project
[project] refusing re-registration of class Project
[experiment] register class Experiment with index experiment
[experiment] refusing re-registration of class Experiment
[note] register class Note with index note
[note] refusing re-registration of class Note
index_for [Project(id: integer, title: string, description: text, created_at: datetime, updated_at: datetime)]
options: {:limit=>nil, :offset=>nil}
ar_options: {}
[project] stored_fields: nil
[project] query: totally
-->+(title:totally description:totally) +(class_name:Project)
[project] now retrieving records from AR with options: {}
[project] 0 results from AR: []
Query: totally
total hits: 0, results delivered: 0
index_for [Experiment(id: integer, project_id: integer, user_id: integer, title: string, description: text, created_at: datetime, updated_at: datetime)]
options: {:limit=>nil, :offset=>nil}
ar_options: {}
[experiment] stored_fields: nil
[experiment] query: totally
-->+(title:totally description:totally) +(class_name:Experiment)
[experiment] now retrieving records from AR with options: {}
[experiment] 0 results from AR: []
Query: totally
total hits: 0, results delivered: 0
index_for [Note(id: integer, experiment_id: integer, title: string, body: text, created_at: datetime, updated_at: datetime)]
options: {:condition=>["user_id = ?", 1], :limit=>nil, :offset=>nil}
ar_options: {}
[note] stored_fields: nil
[note] query: totally
-->+(title:totally body:totally) +(class_name:Note)
[note] now retrieving records from AR with options: {}
[note] 0 results from AR: []
Query: totally
total hits: 0, results delivered: 0
[project] register class Project with index project
[project] refusing re-registration of class Project
[experiment] register class Experiment with index experiment
[experiment] refusing re-registration of class Experiment
[note] register class Note with index note
[note] refusing re-registration of class Note
[project] register class Project with index project
[project] refusing re-registration of class Project
[experiment] register class Experiment with index experiment
[experiment] refusing re-registration of class Experiment
[note] register class Note with index note
[note] refusing re-registration of class Note
[project] register class Project with index project
[project] refusing re-registration of class Project
[experiment] register class Experiment with index experiment
[experiment] refusing re-registration of class Experiment
[note] register class Note with index note
[note] refusing re-registration of class Note
[project] register class Project with index project
[project] refusing re-registration of class Project
[experiment] register class Experiment with index experiment
[experiment] refusing re-registration of class Experiment
[note] register class Note with index note
[note] refusing re-registration of class Note
[project] register class Project with index project
[project] refusing re-registration of class Project
[experiment] register class Experiment with index experiment
[experiment] refusing re-registration of class Experiment
[note] register class Note with index note
[note] refusing re-registration of class Note
index_for [Project(id: integer, title: string, description: text, created_at: datetime, updated_at: datetime)]
options: {:limit=>nil, :offset=>nil}
ar_options: {}
[project] stored_fields: nil
[project] query: title
-->+(title:title description:title) +(class_name:Project)
[project] now retrieving records from AR with options: {}
[project] 0 results from AR: []
Query: title
total hits: 0, results delivered: 0
index_for [Experiment(id: integer, project_id: integer, user_id: integer, title: string, description: text, created_at: datetime, updated_at: datetime)]
options: {:limit=>nil, :offset=>nil}
ar_options: {}
[experiment] stored_fields: nil
[experiment] query: title
-->+(title:title description:title) +(class_name:Experiment)
[experiment] now retrieving records from AR with options: {}
[experiment] 0 results from AR: []
Query: title
total hits: 0, results delivered: 0
index_for [Note(id: integer, experiment_id: integer, title: string, body: text, created_at: datetime, updated_at: datetime)]
options: {:condition=>["user_id = ?", 1], :limit=>nil, :offset=>nil}
ar_options: {}
[note] stored_fields: nil
[note] query: title
-->+(title:title body:title) +(class_name:Note)
[note] now retrieving records from AR with options: {}
[note] 0 results from AR: []
Query: title
total hits: 0, results delivered: 0
[project] register class Project with index project
[project] refusing re-registration of class Project
[experiment] register class Experiment with index experiment
[experiment] refusing re-registration of class Experiment
[note] register class Note with index note
[note] refusing re-registration of class Note
Will use local index.
using index in /Users/danengle/workspace/clients/cashnetusa/lab2/index/development/project
[project] register class Project with index project
[project] default field list for index project: [:title, :description]
using index in /Users/danengle/workspace/clients/cashnetusa/lab2/index/development/experiment
[experiment] register class Experiment with index experiment
[experiment] default field list for index experiment: [:title, :description]
using index in /Users/danengle/workspace/clients/cashnetusa/lab2/index/development/note
[note] register class Note with index note
[note] default field list for index note: [:title, :body]
[project] register class Project with index project
[project] refusing re-registration of class Project
[experiment] register class Experiment with index experiment
[experiment] refusing re-registration of class Experiment
[note] register class Note with index note
[note] refusing re-registration of class Note
[project] register class Project with index project
[project] refusing re-registration of class Project
[experiment] register class Experiment with index experiment
[experiment] refusing re-registration of class Experiment
[note] register class Note with index note
[note] refusing re-registration of class Note
[project] register class Project with index project
[project] refusing re-registration of class Project
[experiment] register class Experiment with index experiment
[experiment] refusing re-registration of class Experiment
[note] register class Note with index note
[note] refusing re-registration of class Note
[project] register class Project with index project
[project] refusing re-registration of class Project
[experiment] register class Experiment with index experiment
[experiment] refusing re-registration of class Experiment
[note] register class Note with index note
[note] refusing re-registration of class Note
index_for [Project(id: integer, title: string, description: text, created_at: datetime, updated_at: datetime)]
options: {:limit=>nil, :offset=>nil}
ar_options: {}
[project] stored_fields: nil
[project] query: title
-->+(title:title description:title) +(class_name:Project)
[project] now retrieving records from AR with options: {}
[project] 0 results from AR: []
Query: title
total hits: 0, results delivered: 0
index_for [Experiment(id: integer, project_id: integer, user_id: integer, title: string, description: text, created_at: datetime, updated_at: datetime)]
options: {:limit=>nil, :offset=>nil}
ar_options: {}
[experiment] stored_fields: nil
[experiment] query: title
-->+(title:title description:title) +(class_name:Experiment)
[experiment] now retrieving records from AR with options: {}
[experiment] 0 results from AR: []
Query: title
total hits: 0, results delivered: 0
index_for [Note(id: integer, experiment_id: integer, title: string, body: text, created_at: datetime, updated_at: datetime)]
options: {:limit=>nil, :offset=>nil}
ar_options: {}
[note] stored_fields: nil
[note] query: title
-->+(title:title body:title) +(class_name:Note)
[note] now retrieving records from AR with options: {}
[note] 0 results from AR: []
Query: title
total hits: 0, results delivered: 0
[project] register class Project with index project
[project] refusing re-registration of class Project
[experiment] register class Experiment with index experiment
[experiment] refusing re-registration of class Experiment
[note] register class Note with index note
[note] refusing re-registration of class Note
[project] register class Project with index project
[project] refusing re-registration of class Project
[experiment] register class Experiment with index experiment
[experiment] refusing re-registration of class Experiment
[note] register class Note with index note
[note] refusing re-registration of class Note
index_for [Project(id: integer, title: string, description: text, created_at: datetime, updated_at: datetime)]
options: {:limit=>nil, :offset=>nil}
ar_options: {}
[project] stored_fields: nil
[project] query: title
-->+(title:title description:title) +(class_name:Project)
[project] now retrieving records from AR with options: {}
[project] 0 results from AR: []
Query: title
total hits: 0, results delivered: 0
index_for [Experiment(id: integer, project_id: integer, user_id: integer, title: string, description: text, created_at: datetime, updated_at: datetime)]
options: {:limit=>nil, :offset=>nil}
ar_options: {}
[experiment] stored_fields: nil
[experiment] query: title
-->+(title:title description:title) +(class_name:Experiment)
[experiment] now retrieving records from AR with options: {}
[experiment] 0 results from AR: []
Query: title
total hits: 0, results delivered: 0
index_for [Note(id: integer, experiment_id: integer, title: string, body: text, created_at: datetime, updated_at: datetime)]
options: {:limit=>nil, :offset=>nil}
ar_options: {}
[note] stored_fields: nil
[note] query: title
-->+(title:title body:title) +(class_name:Note)
[note] now retrieving records from AR with options: {}
[note] 0 results from AR: []
Query: title
total hits: 0, results delivered: 0
[project] register class Project with index project
[project] refusing re-registration of class Project
[experiment] register class Experiment with index experiment
[experiment] refusing re-registration of class Experiment
[note] register class Note with index note
[note] refusing re-registration of class Note
[project] register class Project with index project
[project] refusing re-registration of class Project
[experiment] register class Experiment with index experiment
[experiment] refusing re-registration of class Experiment
[note] register class Note with index note
[note] refusing re-registration of class Note
[project] register class Project with index project
[project] refusing re-registration of class Project
[experiment] register class Experiment with index experiment
[experiment] refusing re-registration of class Experiment
[note] register class Note with index note
[note] refusing re-registration of class Note
[project] register class Project with index project
[project] refusing re-registration of class Project
[experiment] register class Experiment with index experiment
[experiment] refusing re-registration of class Experiment
[note] register class Note with index note
[note] refusing re-registration of class Note
[project] register class Project with index project
[project] refusing re-registration of class Project
[experiment] register class Experiment with index experiment
[experiment] refusing re-registration of class Experiment
[note] register class Note with index note
[note] refusing re-registration of class Note
[project] register class Project with index project
[project] refusing re-registration of class Project
[experiment] register class Experiment with index experiment
[experiment] refusing re-registration of class Experiment
[note] register class Note with index note
[note] refusing re-registration of class Note
[project] register class Project with index project
[project] refusing re-registration of class Project
[experiment] register class Experiment with index experiment
[experiment] refusing re-registration of class Experiment
[note] register class Note with index note
[note] refusing re-registration of class Note
[project] register class Project with index project
[project] refusing re-registration of class Project
[experiment] register class Experiment with index experiment
[experiment] refusing re-registration of class Experiment
[note] register class Note with index note
[note] refusing re-registration of class Note
index_for [Project(id: integer, title: string, description: text, created_at: datetime, updated_at: datetime)]
options: {:limit=>nil, :offset=>nil}
ar_options: {}
[project] stored_fields: nil
[project] query: know
-->+(title:know description:know) +(class_name:Project)
[project] now retrieving records from AR with options: {}
[project] 0 results from AR: []
Query: know
total hits: 0, results delivered: 0
index_for [Experiment(id: integer, project_id: integer, user_id: integer, title: string, description: text, created_at: datetime, updated_at: datetime)]
options: {:limit=>nil, :offset=>nil}
ar_options: {}
[experiment] stored_fields: nil
[experiment] query: know
-->+(title:know description:know) +(class_name:Experiment)
[experiment] now retrieving records from AR with options: {}
[experiment] 0 results from AR: []
Query: know
total hits: 0, results delivered: 0
index_for [Note(id: integer, experiment_id: integer, title: string, body: text, created_at: datetime, updated_at: datetime)]
options: {:limit=>nil, :offset=>nil}
ar_options: {}
[note] stored_fields: nil
[note] query: know
-->+(title:know body:know) +(class_name:Note)
[note] now retrieving records from AR with options: {}
[note] 0 results from AR: []
Query: know
total hits: 0, results delivered: 0
[project] register class Project with index project
[project] refusing re-registration of class Project
[experiment] register class Experiment with index experiment
[experiment] refusing re-registration of class Experiment
[note] register class Note with index note
[note] refusing re-registration of class Note
Will use local index.
using index in /Users/danengle/workspace/clients/cashnetusa/lab2/index/development/project
[project] rebuild index with models: []
[project] reopening index at /Users/danengle/workspace/clients/cashnetusa/lab2/index/development/project
[project] register class Project with index project
[project] default field list for index project: [:title, :description]
using index in /Users/danengle/workspace/clients/cashnetusa/lab2/index/development/experiment
[experiment] rebuild index with models: []
[experiment] reopening index at /Users/danengle/workspace/clients/cashnetusa/lab2/index/development/experiment
[experiment] register class Experiment with index experiment
[experiment] default field list for index experiment: [:title, :description]
using index in /Users/danengle/workspace/clients/cashnetusa/lab2/index/development/note
[note] rebuild index with models: []
[note] reopening index at /Users/danengle/workspace/clients/cashnetusa/lab2/index/development/note
[note] register class Note with index note
[note] default field list for index note: [:title, :body]
[project] register class Project with index project
[project] refusing re-registration of class Project
[experiment] register class Experiment with index experiment
[experiment] refusing re-registration of class Experiment
[note] register class Note with index note
[note] refusing re-registration of class Note
[project] register class Project with index project
[project] refusing re-registration of class Project
[experiment] register class Experiment with index experiment
[experiment] refusing re-registration of class Experiment
[note] register class Note with index note
[note] refusing re-registration of class Note
[project] register class Project with index project
[project] refusing re-registration of class Project
[experiment] register class Experiment with index experiment
[experiment] refusing re-registration of class Experiment
[note] register class Note with index note
[note] refusing re-registration of class Note
[project] register class Project with index project
[project] refusing re-registration of class Project
[experiment] register class Experiment with index experiment
[experiment] refusing re-registration of class Experiment
[note] register class Note with index note
[note] refusing re-registration of class Note
index_for [Project(id: integer, title: string, description: text, created_at: datetime, updated_at: datetime)]
options: {:limit=>nil, :offset=>nil}
ar_options: {}
[project] stored_fields: nil
[project] query: cern
-->+(title:cern description:cern) +(class_name:Project)
[project] now retrieving records from AR with options: {}
[project] 0 results from AR: []
Query: cern
total hits: 0, results delivered: 0
index_for [Experiment(id: integer, project_id: integer, user_id: integer, title: string, description: text, created_at: datetime, updated_at: datetime)]
options: {:limit=>nil, :offset=>nil}
ar_options: {}
[experiment] stored_fields: nil
[experiment] query: cern
-->+(title:cern description:cern) +(class_name:Experiment)
[experiment] now retrieving records from AR with options: {}
[experiment] 0 results from AR: []
Query: cern
total hits: 0, results delivered: 0
index_for [Note(id: integer, experiment_id: integer, title: string, body: text, created_at: datetime, updated_at: datetime)]
options: {:limit=>nil, :offset=>nil}
ar_options: {}
[note] stored_fields: nil
[note] query: cern
-->+(title:cern body:cern) +(class_name:Note)
[note] now retrieving records from AR with options: {}
[note] 0 results from AR: []
Query: cern
total hits: 0, results delivered: 0
[project] register class Project with index project
[project] refusing re-registration of class Project
[experiment] register class Experiment with index experiment
[experiment] refusing re-registration of class Experiment
[note] register class Note with index note
[note] refusing re-registration of class Note
Will use local index.
using index in /Users/danengle/workspace/clients/cashnetusa/lab2/index/development/project
[project] register class Project with index project
[project] default field list for index project: [:title, :description]
using index in /Users/danengle/workspace/clients/cashnetusa/lab2/index/development/experiment
[experiment] register class Experiment with index experiment
[experiment] default field list for index experiment: [:title, :description]
using index in /Users/danengle/workspace/clients/cashnetusa/lab2/index/development/note
[note] register class Note with index note
[note] default field list for index note: [:title, :body]
Will use local index.
using index in /Users/danengle/workspace/clients/cashnetusa/lab2/index/development/project
[project] register class Project with index project
[project] default field list for index project: [:title, :description]
using index in /Users/danengle/workspace/clients/cashnetusa/lab2/index/development/experiment
[experiment] register class Experiment with index experiment
[experiment] default field list for index experiment: [:title, :description]
using index in /Users/danengle/workspace/clients/cashnetusa/lab2/index/development/note
[note] register class Note with index note
[note] default field list for index note: [:title, :body]
Will use local index.
using index in /Users/danengle/workspace/clients/cashnetusa/lab2/index/development/project
[project] register class Project with index project
[project] default field list for index project: [:title, :description]
using index in /Users/danengle/workspace/clients/cashnetusa/lab2/index/development/experiment
[experiment] register class Experiment with index experiment
[experiment] default field list for index experiment: [:title, :description]
using index in /Users/danengle/workspace/clients/cashnetusa/lab2/index/development/note
[note] register class Note with index note
[note] default field list for index note: [:title, :body]
index_for [Project(id: integer, title: string, description: text, created_at: datetime, updated_at: datetime)]
options: {:limit=>nil, :offset=>nil}
ar_options: {}
[project] stored_fields: nil
[project] query: title
-->+(title:title description:title) +(class_name:Project)
[project] now retrieving records from AR with options: {}
[project] 0 results from AR: []
Query: title
total hits: 0, results delivered: 0
index_for [Experiment(id: integer, project_id: integer, user_id: integer, title: string, description: text, created_at: datetime, updated_at: datetime)]
options: {:limit=>nil, :offset=>nil}
ar_options: {}
[experiment] stored_fields: nil
[experiment] query: title
-->+(title:title description:title) +(class_name:Experiment)
[experiment] now retrieving records from AR with options: {}
[experiment] 0 results from AR: []
Query: title
total hits: 0, results delivered: 0
index_for [Note(id: integer, experiment_id: integer, title: string, body: text, created_at: datetime, updated_at: datetime)]
options: {:limit=>nil, :offset=>nil}
ar_options: {}
[note] stored_fields: nil
[note] query: title
-->+(title:title body:title) +(class_name:Note)
[note] now retrieving records from AR with options: {}
[note] 0 results from AR: []
Query: title
total hits: 0, results delivered: 0
[project] register class Project with index project
[project] refusing re-registration of class Project
[experiment] register class Experiment with index experiment
[experiment] refusing re-registration of class Experiment
[note] register class Note with index note
[note] refusing re-registration of class Note
[project] register class Project with index project
[project] refusing re-registration of class Project
[experiment] register class Experiment with index experiment
[experiment] refusing re-registration of class Experiment
[note] register class Note with index note
[note] refusing re-registration of class Note
index_for [Project(id: integer, title: string, description: text, created_at: datetime, updated_at: datetime)]
options: {:limit=>nil, :offset=>nil}
ar_options: {}
[project] stored_fields: nil
[project] register class Project with index project
[project] refusing re-registration of class Project
[experiment] register class Experiment with index experiment
[experiment] refusing re-registration of class Experiment
[note] register class Note with index note
[note] refusing re-registration of class Note
index_for [Project(id: integer, title: string, description: text, created_at: datetime, updated_at: datetime)]
options: {:limit=>nil, :offset=>nil}
ar_options: {}
[project] stored_fields: nil
[project] query: title
-->+(title:title description:title) +(class_name:Project)
[project] now retrieving records from AR with options: {}
[project] 0 results from AR: []
Query: title
total hits: 0, results delivered: 0
index_for [Experiment(id: integer, project_id: integer, user_id: integer, title: string, description: text, created_at: datetime, updated_at: datetime)]
options: {:limit=>nil, :offset=>nil}
ar_options: {}
[experiment] stored_fields: nil
[experiment] query: title
-->+(title:title description:title) +(class_name:Experiment)
[experiment] now retrieving records from AR with options: {}
[experiment] 0 results from AR: []
Query: title
total hits: 0, results delivered: 0
index_for [Note(id: integer, experiment_id: integer, title: string, body: text, created_at: datetime, updated_at: datetime)]
options: {:limit=>nil, :offset=>nil}
ar_options: {}
[note] stored_fields: nil
[note] query: title
-->+(title:title body:title) +(class_name:Note)
[note] now retrieving records from AR with options: {}
[note] 0 results from AR: []
Query: title
total hits: 0, results delivered: 0
[project] register class Project with index project
[project] refusing re-registration of class Project
[experiment] register class Experiment with index experiment
[experiment] refusing re-registration of class Experiment
[note] register class Note with index note
[note] refusing re-registration of class Note
[project] register class Project with index project
[project] refusing re-registration of class Project
[experiment] register class Experiment with index experiment
[experiment] refusing re-registration of class Experiment
[note] register class Note with index note
[note] refusing re-registration of class Note
index_for [Note(id: integer, experiment_id: integer, title: string, body: text, created_at: datetime, updated_at: datetime)]
options: {:limit=>nil, :offset=>nil}
ar_options: {}
[note] stored_fields: nil
[note] query: title
-->+(title:title body:title) +(class_name:Note)
[note] now retrieving records from AR with options: {}
[note] 0 results from AR: []
Query: title
total hits: 0, results delivered: 0
[project] register class Project with index project
[project] refusing re-registration of class Project
[experiment] register class Experiment with index experiment
[experiment] refusing re-registration of class Experiment
[note] register class Note with index note
[note] refusing re-registration of class Note
index_for [Note(id: integer, experiment_id: integer, title: string, body: text, created_at: datetime, updated_at: datetime)]
options: {:limit=>nil, :offset=>nil}
ar_options: {}
[note] stored_fields: nil
[note] query: title
-->+(title:title body:title) +(class_name:Note)
[note] now retrieving records from AR with options: {}
[note] 0 results from AR: []
Query: title
total hits: 0, results delivered: 0
[project] register class Project with index project
[project] refusing re-registration of class Project
[experiment] register class Experiment with index experiment
[experiment] refusing re-registration of class Experiment
[note] register class Note with index note
[note] refusing re-registration of class Note
[project] register class Project with index project
[project] refusing re-registration of class Project
[experiment] register class Experiment with index experiment
[experiment] refusing re-registration of class Experiment
[note] register class Note with index note
[note] refusing re-registration of class Note
index_for [Note(id: integer, experiment_id: integer, title: string, body: text, created_at: datetime, updated_at: datetime)]
options: {:limit=>nil, :offset=>nil}
ar_options: {}
[note] stored_fields: nil
[note] query: totally
-->+(title:totally body:totally) +(class_name:Note)
[note] now retrieving records from AR with options: {}
[note] 0 results from AR: []
Query: totally
total hits: 0, results delivered: 0
[project] register class Project with index project
[project] refusing re-registration of class Project
[experiment] register class Experiment with index experiment
[experiment] refusing re-registration of class Experiment
[note] register class Note with index note
[note] refusing re-registration of class Note
[project] register class Project with index project
[project] refusing re-registration of class Project
[experiment] register class Experiment with index experiment
[experiment] refusing re-registration of class Experiment
[note] register class Note with index note
[note] refusing re-registration of class Note
[project] register class Project with index project
[project] refusing re-registration of class Project
[experiment] register class Experiment with index experiment
[experiment] refusing re-registration of class Experiment
[note] register class Note with index note
[note] refusing re-registration of class Note
[project] register class Project with index project
[project] refusing re-registration of class Project
[experiment] register class Experiment with index experiment
[experiment] refusing re-registration of class Experiment
[note] register class Note with index note
[note] refusing re-registration of class Note
[project] register class Project with index project
[project] refusing re-registration of class Project
[experiment] register class Experiment with index experiment
[experiment] refusing re-registration of class Experiment
[note] register class Note with index note
[note] refusing re-registration of class Note
[project] register class Project with index project
[project] refusing re-registration of class Project
[experiment] register class Experiment with index experiment
[experiment] refusing re-registration of class Experiment
[note] register class Note with index note
[note] refusing re-registration of class Note
index_for [Note(id: integer, experiment_id: integer, title: string, body: text, created_at: datetime, updated_at: datetime)]
options: {:limit=>nil, :offset=>nil}
ar_options: {}
[note] stored_fields: nil
[note] query: broke
-->+(title:broke body:broke) +(class_name:Note)
[note] now retrieving records from AR with options: {}
[note] 0 results from AR: []
Query: broke
total hits: 0, results delivered: 0
[project] register class Project with index project
[project] refusing re-registration of class Project
[experiment] register class Experiment with index experiment
[experiment] refusing re-registration of class Experiment
[note] register class Note with index note
[note] refusing re-registration of class Note
