[Sat Aug 15 14:00:50.512 2009] 0.000 sec [all/2/rel 1 (0,20)] [*] title
[Sat Aug 15 14:02:20.394 2009] 0.000 sec [all/2/rel 1 (0,20)] [*] cern
[Sat Aug 15 14:02:38.498 2009] 0.000 sec [all/2/rel 1 (0,20)] [*] cern
[Sat Aug 15 14:02:38.569 2009] 0.000 sec [all/2/rel 0 (0,20)] [*] cern
[Sat Aug 15 14:02:38.572 2009] 0.000 sec [all/2/rel 0 (0,20)] [*] cern
[Sat Aug 15 14:02:41.921 2009] 0.000 sec [all/2/rel 1 (0,20)] [*] cern
[Sat Aug 15 14:02:41.926 2009] 0.000 sec [all/2/rel 0 (0,20)] [*] cern
[Sat Aug 15 14:02:41.928 2009] 0.000 sec [all/2/rel 0 (0,20)] [*] cern
[Sat Aug 15 14:02:44.619 2009] 0.000 sec [all/2/rel 0 (0,20)] [*] title
[Sat Aug 15 14:02:44.622 2009] 0.000 sec [all/2/rel 0 (0,20)] [*] title
[Sat Aug 15 14:02:44.625 2009] 0.000 sec [all/2/rel 1 (0,20)] [*] title
[Sat Aug 15 14:02:48.577 2009] 0.000 sec [all/2/rel 0 (0,20)] [*] explode
[Sat Aug 15 14:02:48.579 2009] 0.000 sec [all/2/rel 0 (0,20)] [*] explode
[Sat Aug 15 14:02:48.582 2009] 0.000 sec [all/2/rel 0 (0,20)] [*] explode
[Sat Aug 15 14:02:55.057 2009] 0.000 sec [all/2/rel 0 (0,20)] [*] exploded
[Sat Aug 15 14:02:55.061 2009] 0.000 sec [all/2/rel 0 (0,20)] [*] exploded
[Sat Aug 15 14:02:55.064 2009] 0.000 sec [all/2/rel 1 (0,20)] [*] exploded
[Sat Aug 15 14:06:05.482 2009] 0.000 sec [all/2/rel 1 (0,20)] [*] cern
[Sat Aug 15 14:06:05.487 2009] 0.000 sec [all/2/rel 0 (0,20)] [*] cern
[Sat Aug 15 14:06:05.489 2009] 0.000 sec [all/2/rel 0 (0,20)] [*] cern
[Sat Aug 15 14:06:56.770 2009] 0.000 sec [all/2/rel 1 (0,20)] [*] cern
[Sat Aug 15 14:06:56.775 2009] 0.000 sec [all/2/rel 0 (0,20)] [*] cern
[Sat Aug 15 14:06:56.777 2009] 0.000 sec [all/2/rel 0 (0,20)] [*] cern
[Sat Aug 15 14:07:17.229 2009] 0.000 sec [all/2/rel 0 (0,20)] [*] title
[Sat Aug 15 14:07:17.232 2009] 0.000 sec [all/2/rel 0 (0,20)] [*] title
[Sat Aug 15 14:07:17.235 2009] 0.000 sec [all/2/rel 1 (0,20)] [*] title
[Sat Aug 15 14:08:11.724 2009] 0.000 sec [all/2/rel 0 (0,20)] [*] totally
[Sat Aug 15 14:08:11.726 2009] 0.000 sec [all/2/rel 0 (0,20)] [*] totally
[Sat Aug 15 14:08:11.729 2009] 0.000 sec [all/2/rel 1 (0,20)] [*] totally
[Sat Aug 15 14:08:36.078 2009] 0.000 sec [all/2/rel 0 (0,20)] [*] hammer
[Sat Aug 15 14:08:36.080 2009] 0.000 sec [all/2/rel 1 (0,20)] [*] hammer
[Sat Aug 15 14:08:36.085 2009] 0.000 sec [all/2/rel 0 (0,20)] [*] hammer
[Sat Aug 15 14:09:04.810 2009] 0.000 sec [all/2/rel 0 (0,20)] [*] hammer
[Sat Aug 15 14:09:04.813 2009] 0.000 sec [all/2/rel 1 (0,20)] [*] hammer
[Sat Aug 15 14:09:04.819 2009] 0.000 sec [all/2/rel 0 (0,20)] [*] hammer
[Sat Aug 15 14:12:00.758 2009] 0.000 sec [all/2/rel 0 (0,20)] [*] dunder
[Sat Aug 15 14:12:00.760 2009] 0.000 sec [all/2/rel 1 (0,20)] [*] dunder
[Sat Aug 15 14:12:00.766 2009] 0.000 sec [all/2/rel 0 (0,20)] [*] dunder
[Sat Aug 15 15:42:30.524 2009] 0.000 sec [scan/2/rel 0 (0,20)] [experiment_core] 
[Sat Aug 15 15:43:03.224 2009] 0.000 sec [scan/2/rel 0 (0,20)] [note_core] 
[Sat Aug 15 16:12:27.785 2009] 0.000 sec [scan/2/rel 0 (0,20)] [project_core] 
[Sat Aug 15 18:11:28.030 2009] 0.015 sec [all/2/rel 0 (0,20)] [*] pretty
[Sat Aug 15 18:11:28.033 2009] 0.000 sec [all/2/rel 0 (0,20)] [*] pretty
[Sat Aug 15 18:11:28.035 2009] 0.000 sec [all/3/rel 1 (0,20)] [*] pretty
[Sat Aug 15 18:42:58.650 2009] 0.000 sec [all/2/rel 0 (0,20)] [*] pretty
[Sat Aug 15 18:42:58.652 2009] 0.000 sec [all/2/rel 0 (0,20)] [*] pretty
[Sat Aug 15 18:42:58.655 2009] 0.000 sec [all/3/rel 1 (0,20)] [*] pretty
[Sat Aug 15 18:49:32.847 2009] 0.000 sec [all/2/rel 0 (0,20)] [*] pretty
[Sat Aug 15 18:49:32.850 2009] 0.000 sec [all/2/rel 0 (0,20)] [*] pretty
[Sat Aug 15 18:49:32.854 2009] 0.000 sec [all/3/rel 1 (0,20)] [*] pretty
[Sat Aug 15 18:49:36.254 2009] 0.000 sec [scan/2/rel 3 (0,20)] [*] 
[Sat Aug 15 18:49:36.261 2009] 0.000 sec [scan/2/rel 6 (0,20)] [*] 
[Sat Aug 15 18:49:36.273 2009] 0.000 sec [scan/3/rel 11 (0,20)] [*] 
[Sat Aug 15 18:50:21.125 2009] 0.000 sec [scan/2/rel 3 (0,20)] [*] 
[Sat Aug 15 18:50:21.132 2009] 0.000 sec [scan/2/rel 6 (0,20)] [*] 
[Sat Aug 15 18:50:21.143 2009] 0.000 sec [scan/3/rel 11 (0,20)] [*] 
[Sat Aug 15 18:50:22.321 2009] 0.000 sec [scan/2/rel 3 (0,20)] [*] 
[Sat Aug 15 18:50:22.329 2009] 0.000 sec [scan/2/rel 6 (0,20)] [*] 
[Sat Aug 15 18:50:22.339 2009] 0.000 sec [scan/3/rel 11 (0,20)] [*] 
[Sat Aug 15 18:50:23.619 2009] 0.000 sec [scan/2/rel 3 (0,20)] [*] 
[Sat Aug 15 18:50:23.625 2009] 0.000 sec [scan/2/rel 6 (0,20)] [*] 
[Sat Aug 15 18:50:23.636 2009] 0.000 sec [scan/3/rel 11 (0,20)] [*] 
[Sat Aug 15 18:50:23.918 2009] 0.000 sec [scan/2/rel 3 (0,20)] [*] 
[Sat Aug 15 18:50:23.925 2009] 0.000 sec [scan/2/rel 6 (0,20)] [*] 
[Sat Aug 15 18:50:23.936 2009] 0.000 sec [scan/3/rel 11 (0,20)] [*] 
[Sat Aug 15 18:52:19.481 2009] 0.000 sec [all/2/rel 0 (0,20)] [*] pretty
[Sat Aug 15 18:52:19.484 2009] 0.000 sec [all/2/rel 0 (0,20)] [*] pretty
[Sat Aug 15 18:52:19.489 2009] 0.000 sec [all/3/rel 1 (0,20)] [*] pretty
[Sat Aug 15 18:52:22.098 2009] 0.000 sec [scan/2/rel 3 (0,20)] [*] 
[Sat Aug 15 18:52:22.105 2009] 0.000 sec [scan/2/rel 6 (0,20)] [*] 
[Sat Aug 15 18:52:22.115 2009] 0.000 sec [scan/3/rel 11 (0,20)] [*] 
[Sat Aug 15 18:52:24.505 2009] 0.000 sec [scan/2/rel 3 (0,20)] [*] 
[Sat Aug 15 18:52:24.511 2009] 0.000 sec [scan/2/rel 6 (0,20)] [*] 
[Sat Aug 15 18:52:24.521 2009] 0.000 sec [scan/3/rel 11 (0,20)] [*] 
[Sat Aug 15 18:54:18.213 2009] 0.000 sec [scan/2/rel 3 (0,20)] [*] 
[Sat Aug 15 18:54:18.220 2009] 0.000 sec [scan/2/rel 6 (0,20)] [*] 
[Sat Aug 15 18:54:18.232 2009] 0.000 sec [scan/3/rel 11 (0,20)] [*] 
[Sat Aug 15 18:57:34.947 2009] 0.000 sec [all/2/rel 0 (0,20)] [*] pretty
[Sat Aug 15 18:57:34.950 2009] 0.000 sec [all/2/rel 0 (0,20)] [*] pretty
[Sat Aug 15 18:57:34.952 2009] 0.000 sec [all/3/rel 1 (0,20)] [*] pretty
[Sat Aug 15 18:57:45.318 2009] 0.000 sec [scan/2/rel 3 (0,20)] [*] 
[Sat Aug 15 18:57:45.324 2009] 0.000 sec [scan/2/rel 6 (0,20)] [*] 
[Sat Aug 15 18:57:45.330 2009] 0.000 sec [scan/3/rel 11 (0,20)] [*] 
[Sat Aug 15 18:57:47.374 2009] 0.000 sec [scan/2/rel 3 (0,20)] [*] 
[Sat Aug 15 18:57:47.380 2009] 0.000 sec [scan/2/rel 6 (0,20)] [*] 
[Sat Aug 15 18:57:47.386 2009] 0.000 sec [scan/3/rel 11 (0,20)] [*] 
[Sat Aug 15 18:57:53.990 2009] 0.000 sec [scan/2/rel 3 (0,20)] [*] 
[Sat Aug 15 18:57:53.997 2009] 0.000 sec [scan/2/rel 6 (0,20)] [*] 
[Sat Aug 15 18:57:54.004 2009] 0.000 sec [scan/3/rel 11 (0,20)] [*] 
[Sat Aug 15 18:57:55.590 2009] 0.000 sec [scan/2/rel 3 (0,20)] [*] 
[Sat Aug 15 18:57:55.596 2009] 0.000 sec [scan/2/rel 6 (0,20)] [*] 
[Sat Aug 15 18:57:55.602 2009] 0.000 sec [scan/3/rel 11 (0,20)] [*] 
[Sat Aug 15 18:57:56.541 2009] 0.000 sec [scan/2/rel 3 (0,20)] [*] 
[Sat Aug 15 18:57:56.548 2009] 0.000 sec [scan/2/rel 6 (0,20)] [*] 
[Sat Aug 15 18:57:56.554 2009] 0.000 sec [scan/3/rel 11 (0,20)] [*] 
[Sat Aug 15 18:57:57.255 2009] 0.000 sec [scan/2/rel 3 (0,20)] [*] 
[Sat Aug 15 18:57:57.261 2009] 0.000 sec [scan/2/rel 6 (0,20)] [*] 
[Sat Aug 15 18:57:57.267 2009] 0.000 sec [scan/3/rel 11 (0,20)] [*] 
[Sat Aug 15 18:57:58.785 2009] 0.000 sec [scan/2/rel 3 (0,20)] [*] 
[Sat Aug 15 18:57:58.791 2009] 0.000 sec [scan/2/rel 6 (0,20)] [*] 
[Sat Aug 15 18:57:58.798 2009] 0.000 sec [scan/3/rel 11 (0,20)] [*] 
[Sat Aug 15 18:58:44.846 2009] 0.000 sec [all/2/rel 0 (0,20)] [*] acssdffff
[Sat Aug 15 18:58:44.848 2009] 0.000 sec [all/2/rel 0 (0,20)] [*] acssdffff
[Sat Aug 15 18:58:44.851 2009] 0.000 sec [all/3/rel 0 (0,20)] [*] acssdffff
[Sat Aug 15 18:59:11.707 2009] 0.023 sec [all/2/rel 1 (0,20)] [*] a
[Sat Aug 15 18:59:11.717 2009] 0.000 sec [all/2/rel 1 (0,20)] [*] a
[Sat Aug 15 18:59:11.723 2009] 0.000 sec [all/3/rel 1 (0,20)] [*] a
[Sat Aug 15 18:59:14.702 2009] 0.000 sec [scan/2/rel 3 (0,20)] [*] 
[Sat Aug 15 18:59:14.708 2009] 0.000 sec [scan/2/rel 6 (0,20)] [*] 
[Sat Aug 15 18:59:14.714 2009] 0.000 sec [scan/3/rel 11 (0,20)] [*] 
[Sat Aug 15 18:59:17.148 2009] 0.000 sec [all/2/rel 0 (0,20)] [*] ce
[Sat Aug 15 18:59:17.151 2009] 0.000 sec [all/2/rel 0 (0,20)] [*] ce
[Sat Aug 15 18:59:17.154 2009] 0.000 sec [all/3/rel 0 (0,20)] [*] ce
[Sat Aug 15 18:59:18.765 2009] 0.000 sec [all/2/rel 0 (0,20)] [*] cer
[Sat Aug 15 18:59:18.768 2009] 0.000 sec [all/2/rel 0 (0,20)] [*] cer
[Sat Aug 15 18:59:18.771 2009] 0.000 sec [all/3/rel 0 (0,20)] [*] cer
[Sat Aug 15 18:59:20.523 2009] 0.000 sec [all/2/rel 1 (0,20)] [*] cern
[Sat Aug 15 18:59:20.528 2009] 0.000 sec [all/2/rel 0 (0,20)] [*] cern
[Sat Aug 15 18:59:20.531 2009] 0.000 sec [all/3/rel 0 (0,20)] [*] cern
[Sat Aug 15 18:59:36.888 2009] 0.000 sec [all/2/rel 1 (0,20)] [*] cern
[Sat Aug 15 18:59:36.893 2009] 0.000 sec [all/2/rel 0 (0,20)] [*] cern
[Sat Aug 15 18:59:36.896 2009] 0.000 sec [all/3/rel 0 (0,20)] [*] cern
[Sat Aug 15 18:59:37.540 2009] 0.000 sec [all/2/rel 0 (0,20)] [*] c
[Sat Aug 15 18:59:37.543 2009] 0.000 sec [all/2/rel 0 (0,20)] [*] c
[Sat Aug 15 18:59:37.546 2009] 0.000 sec [all/3/rel 0 (0,20)] [*] c
[Sat Aug 15 18:59:41.400 2009] 0.000 sec [all/2/rel 1 (0,20)] [*] cern
[Sat Aug 15 18:59:41.406 2009] 0.000 sec [all/2/rel 0 (0,20)] [*] cern
[Sat Aug 15 18:59:41.408 2009] 0.000 sec [all/3/rel 0 (0,20)] [*] cern
[Sat Aug 15 19:00:56.838 2009] 0.000 sec [all/2/rel 1 (0,20)] [*] a
[Sat Aug 15 19:00:56.844 2009] 0.000 sec [all/2/rel 1 (0,20)] [*] a
[Sat Aug 15 19:00:56.850 2009] 0.000 sec [all/3/rel 1 (0,20)] [*] a
[Sat Aug 15 19:00:59.323 2009] 0.000 sec [all/2/rel 0 (0,20)] [*] ab
[Sat Aug 15 19:00:59.326 2009] 0.000 sec [all/2/rel 0 (0,20)] [*] ab
[Sat Aug 15 19:00:59.329 2009] 0.000 sec [all/3/rel 0 (0,20)] [*] ab
[Sat Aug 15 19:01:01.313 2009] 0.000 sec [all/2/rel 1 (0,20)] [*] a
[Sat Aug 15 19:01:01.319 2009] 0.000 sec [all/2/rel 1 (0,20)] [*] a
[Sat Aug 15 19:01:01.326 2009] 0.000 sec [all/3/rel 1 (0,20)] [*] a
[Sat Aug 15 19:01:04.558 2009] 0.000 sec [scan/2/rel 3 (0,20)] [*] 
[Sat Aug 15 19:01:04.564 2009] 0.000 sec [scan/2/rel 6 (0,20)] [*] 
[Sat Aug 15 19:01:04.575 2009] 0.000 sec [scan/3/rel 11 (0,20)] [*] 
[Sat Aug 15 19:01:06.257 2009] 0.000 sec [all/2/rel 0 (0,20)] [*] ce
[Sat Aug 15 19:01:06.260 2009] 0.000 sec [all/2/rel 0 (0,20)] [*] ce
[Sat Aug 15 19:01:06.263 2009] 0.000 sec [all/3/rel 0 (0,20)] [*] ce
[Sat Aug 15 19:01:07.545 2009] 0.000 sec [all/2/rel 0 (0,20)] [*] cer
[Sat Aug 15 19:01:07.547 2009] 0.000 sec [all/2/rel 0 (0,20)] [*] cer
[Sat Aug 15 19:01:07.550 2009] 0.000 sec [all/3/rel 0 (0,20)] [*] cer
[Sat Aug 15 19:01:08.997 2009] 0.000 sec [all/2/rel 1 (0,20)] [*] cern
[Sat Aug 15 19:01:09.003 2009] 0.000 sec [all/2/rel 0 (0,20)] [*] cern
[Sat Aug 15 19:01:09.006 2009] 0.000 sec [all/3/rel 0 (0,20)] [*] cern
[Sat Aug 15 19:01:36.699 2009] 0.000 sec [all/2/rel 0 (0,20)] [*] c
[Sat Aug 15 19:01:36.702 2009] 0.000 sec [all/2/rel 0 (0,20)] [*] c
[Sat Aug 15 19:01:36.705 2009] 0.000 sec [all/3/rel 0 (0,20)] [*] c
[Sat Aug 15 19:01:37.782 2009] 0.000 sec [all/2/rel 0 (0,20)] [*] ce
[Sat Aug 15 19:01:37.784 2009] 0.000 sec [all/2/rel 0 (0,20)] [*] ce
[Sat Aug 15 19:01:37.786 2009] 0.000 sec [all/3/rel 0 (0,20)] [*] ce
[Sat Aug 15 19:01:38.652 2009] 0.000 sec [all/2/rel 0 (0,20)] [*] cer
[Sat Aug 15 19:01:38.655 2009] 0.000 sec [all/2/rel 0 (0,20)] [*] cer
[Sat Aug 15 19:01:38.658 2009] 0.000 sec [all/3/rel 0 (0,20)] [*] cer
[Sat Aug 15 19:01:40.250 2009] 0.000 sec [all/2/rel 1 (0,20)] [*] cern
[Sat Aug 15 19:01:40.255 2009] 0.000 sec [all/2/rel 0 (0,20)] [*] cern
[Sat Aug 15 19:01:40.258 2009] 0.000 sec [all/3/rel 0 (0,20)] [*] cern
[Sat Aug 15 19:02:12.579 2009] 0.000 sec [all/2/rel 0 (0,20)] [*] c
[Sat Aug 15 19:02:12.582 2009] 0.000 sec [all/2/rel 0 (0,20)] [*] c
[Sat Aug 15 19:02:12.585 2009] 0.000 sec [all/3/rel 0 (0,20)] [*] c
[Sat Aug 15 19:02:13.656 2009] 0.000 sec [all/2/rel 0 (0,20)] [*] cer
[Sat Aug 15 19:02:13.658 2009] 0.000 sec [all/2/rel 0 (0,20)] [*] cer
[Sat Aug 15 19:02:13.662 2009] 0.000 sec [all/3/rel 0 (0,20)] [*] cer
[Sat Aug 15 19:02:14.543 2009] 0.000 sec [all/2/rel 1 (0,20)] [*] cern
[Sat Aug 15 19:02:14.548 2009] 0.000 sec [all/2/rel 0 (0,20)] [*] cern
[Sat Aug 15 19:02:14.551 2009] 0.000 sec [all/3/rel 0 (0,20)] [*] cern
[Sat Aug 15 19:02:52.421 2009] 0.000 sec [all/2/rel 0 (0,20)] [*] c
[Sat Aug 15 19:02:52.423 2009] 0.000 sec [all/2/rel 0 (0,20)] [*] c
[Sat Aug 15 19:02:52.426 2009] 0.000 sec [all/3/rel 0 (0,20)] [*] c
[Sat Aug 15 19:02:53.000 2009] 0.000 sec [all/2/rel 0 (0,20)] [*] c
[Sat Aug 15 19:02:53.002 2009] 0.000 sec [all/2/rel 0 (0,20)] [*] c
[Sat Aug 15 19:02:53.005 2009] 0.000 sec [all/3/rel 0 (0,20)] [*] c
[Sat Aug 15 19:02:53.800 2009] 0.000 sec [all/2/rel 0 (0,20)] [*] cer
[Sat Aug 15 19:02:53.802 2009] 0.000 sec [all/2/rel 0 (0,20)] [*] cer
[Sat Aug 15 19:02:53.805 2009] 0.000 sec [all/3/rel 0 (0,20)] [*] cer
[Sat Aug 15 19:02:54.811 2009] 0.000 sec [all/2/rel 1 (0,20)] [*] cern
[Sat Aug 15 19:02:54.817 2009] 0.000 sec [all/2/rel 0 (0,20)] [*] cern
[Sat Aug 15 19:02:54.819 2009] 0.000 sec [all/3/rel 0 (0,20)] [*] cern
[Sat Aug 15 19:03:27.408 2009] 0.000 sec [all/2/rel 1 (0,20)] [*] cern
[Sat Aug 15 19:03:27.414 2009] 0.000 sec [all/2/rel 0 (0,20)] [*] cern
[Sat Aug 15 19:03:27.417 2009] 0.000 sec [all/3/rel 0 (0,20)] [*] cern
[Sat Aug 15 19:04:33.237 2009] 0.000 sec [all/2/rel 0 (0,20)] [*] c
[Sat Aug 15 19:04:33.240 2009] 0.000 sec [all/2/rel 0 (0,20)] [*] c
[Sat Aug 15 19:04:33.243 2009] 0.000 sec [all/3/rel 0 (0,20)] [*] c
[Sat Aug 15 19:04:34.028 2009] 0.000 sec [all/2/rel 0 (0,20)] [*] ce
[Sat Aug 15 19:04:34.031 2009] 0.000 sec [all/2/rel 0 (0,20)] [*] ce
[Sat Aug 15 19:04:34.034 2009] 0.000 sec [all/3/rel 0 (0,20)] [*] ce
[Sat Aug 15 19:04:34.829 2009] 0.000 sec [all/2/rel 0 (0,20)] [*] cer
[Sat Aug 15 19:04:34.831 2009] 0.000 sec [all/2/rel 0 (0,20)] [*] cer
[Sat Aug 15 19:04:34.833 2009] 0.000 sec [all/3/rel 0 (0,20)] [*] cer
[Sat Aug 15 19:04:35.488 2009] 0.000 sec [all/2/rel 1 (0,20)] [*] cern
[Sat Aug 15 19:04:35.495 2009] 0.000 sec [all/2/rel 0 (0,20)] [*] cern
[Sat Aug 15 19:04:35.498 2009] 0.000 sec [all/3/rel 0 (0,20)] [*] cern
[Sat Aug 15 19:04:55.020 2009] 0.000 sec [all/2/rel 0 (0,20)] [*] c
[Sat Aug 15 19:04:55.022 2009] 0.000 sec [all/2/rel 0 (0,20)] [*] c
[Sat Aug 15 19:04:55.025 2009] 0.000 sec [all/3/rel 0 (0,20)] [*] c
[Sat Aug 15 19:04:55.689 2009] 0.000 sec [all/2/rel 0 (0,20)] [*] ce
[Sat Aug 15 19:04:55.691 2009] 0.000 sec [all/2/rel 0 (0,20)] [*] ce
[Sat Aug 15 19:04:55.694 2009] 0.000 sec [all/3/rel 0 (0,20)] [*] ce
[Sat Aug 15 19:04:56.373 2009] 0.000 sec [all/2/rel 0 (0,20)] [*] cer
[Sat Aug 15 19:04:56.375 2009] 0.000 sec [all/2/rel 0 (0,20)] [*] cer
[Sat Aug 15 19:04:56.379 2009] 0.000 sec [all/3/rel 0 (0,20)] [*] cer
[Sat Aug 15 19:04:56.954 2009] 0.000 sec [all/2/rel 1 (0,20)] [*] cern
[Sat Aug 15 19:04:56.961 2009] 0.000 sec [all/2/rel 0 (0,20)] [*] cern
[Sat Aug 15 19:04:56.964 2009] 0.000 sec [all/3/rel 0 (0,20)] [*] cern
[Sat Aug 15 19:05:08.749 2009] 0.000 sec [all/2/rel 0 (0,20)] [*] cer
[Sat Aug 15 19:05:08.752 2009] 0.000 sec [all/2/rel 0 (0,20)] [*] cer
[Sat Aug 15 19:05:08.756 2009] 0.000 sec [all/3/rel 0 (0,20)] [*] cer
[Sat Aug 15 19:05:10.344 2009] 0.000 sec [all/2/rel 1 (0,20)] [*] cern
[Sat Aug 15 19:05:10.349 2009] 0.000 sec [all/2/rel 0 (0,20)] [*] cern
[Sat Aug 15 19:05:10.352 2009] 0.000 sec [all/3/rel 0 (0,20)] [*] cern
[Sat Aug 15 19:05:45.481 2009] 0.000 sec [all/2/rel 0 (0,20)] [*] c
[Sat Aug 15 19:05:45.484 2009] 0.000 sec [all/2/rel 0 (0,20)] [*] c
[Sat Aug 15 19:05:45.486 2009] 0.000 sec [all/3/rel 0 (0,20)] [*] c
[Sat Aug 15 19:05:46.146 2009] 0.000 sec [all/2/rel 0 (0,20)] [*] ce
[Sat Aug 15 19:05:46.148 2009] 0.000 sec [all/2/rel 0 (0,20)] [*] ce
[Sat Aug 15 19:05:46.151 2009] 0.000 sec [all/3/rel 0 (0,20)] [*] ce
[Sat Aug 15 19:05:46.909 2009] 0.000 sec [all/2/rel 0 (0,20)] [*] cer
[Sat Aug 15 19:05:46.911 2009] 0.000 sec [all/2/rel 0 (0,20)] [*] cer
[Sat Aug 15 19:05:46.914 2009] 0.000 sec [all/3/rel 0 (0,20)] [*] cer
[Sat Aug 15 19:05:47.288 2009] 0.000 sec [all/2/rel 1 (0,20)] [*] cern
[Sat Aug 15 19:05:47.293 2009] 0.000 sec [all/2/rel 0 (0,20)] [*] cern
[Sat Aug 15 19:05:47.296 2009] 0.000 sec [all/3/rel 0 (0,20)] [*] cern
[Sat Aug 15 19:05:51.102 2009] 0.000 sec [scan/2/rel 3 (0,20)] [*] 
[Sat Aug 15 19:05:51.108 2009] 0.000 sec [scan/2/rel 6 (0,20)] [*] 
[Sat Aug 15 19:05:51.114 2009] 0.000 sec [scan/3/rel 11 (0,20)] [*] 
[Sat Aug 15 19:06:17.895 2009] 0.000 sec [scan/2/rel 3 (0,20)] [*] 
[Sat Aug 15 19:06:17.902 2009] 0.000 sec [scan/2/rel 6 (0,20)] [*] 
[Sat Aug 15 19:06:17.908 2009] 0.000 sec [scan/3/rel 11 (0,20)] [*] 
[Sat Aug 15 19:06:18.779 2009] 0.000 sec [scan/2/rel 3 (0,20)] [*] 
[Sat Aug 15 19:06:18.785 2009] 0.000 sec [scan/2/rel 6 (0,20)] [*] 
[Sat Aug 15 19:06:18.791 2009] 0.000 sec [scan/3/rel 11 (0,20)] [*] 
[Sat Aug 15 19:06:54.778 2009] 0.000 sec [all/2/rel 0 (0,20)] [*] f
[Sat Aug 15 19:06:54.781 2009] 0.000 sec [all/2/rel 0 (0,20)] [*] f
[Sat Aug 15 19:06:54.784 2009] 0.000 sec [all/3/rel 0 (0,20)] [*] f
[Sat Aug 15 19:07:06.849 2009] 0.000 sec [all/2/rel 0 (0,20)] [*] f
[Sat Aug 15 19:07:06.852 2009] 0.000 sec [all/2/rel 0 (0,20)] [*] f
[Sat Aug 15 19:07:06.855 2009] 0.000 sec [all/3/rel 0 (0,20)] [*] f
[Sat Aug 15 19:07:19.611 2009] 0.000 sec [all/2/rel 0 (0,20)] [*] f
[Sat Aug 15 19:07:19.613 2009] 0.000 sec [all/2/rel 0 (0,20)] [*] f
[Sat Aug 15 19:07:19.616 2009] 0.000 sec [all/3/rel 0 (0,20)] [*] f
[Sat Aug 15 19:07:20.943 2009] 0.000 sec [all/2/rel 0 (0,20)] [*] fe
[Sat Aug 15 19:07:20.946 2009] 0.000 sec [all/2/rel 0 (0,20)] [*] fe
[Sat Aug 15 19:07:20.949 2009] 0.000 sec [all/3/rel 0 (0,20)] [*] fe
[Sat Aug 15 19:07:23.320 2009] 0.000 sec [all/2/rel 0 (0,20)] [*] feat
[Sat Aug 15 19:07:23.322 2009] 0.000 sec [all/2/rel 0 (0,20)] [*] feat
[Sat Aug 15 19:07:23.325 2009] 0.000 sec [all/3/rel 0 (0,20)] [*] feat
[Sat Aug 15 19:07:24.234 2009] 0.000 sec [all/2/rel 0 (0,20)] [*] feath
[Sat Aug 15 19:07:24.236 2009] 0.000 sec [all/2/rel 0 (0,20)] [*] feath
[Sat Aug 15 19:07:24.239 2009] 0.000 sec [all/3/rel 0 (0,20)] [*] feath
[Sat Aug 15 19:07:26.001 2009] 0.000 sec [all/2/rel 0 (0,20)] [*] feather
[Sat Aug 15 19:07:26.004 2009] 0.000 sec [all/2/rel 0 (0,20)] [*] feather
[Sat Aug 15 19:07:26.007 2009] 0.000 sec [all/3/rel 0 (0,20)] [*] feather
[Sat Aug 15 19:08:00.518 2009] 0.000 sec [all/2/rel 0 (0,20)] [*] feather
[Sat Aug 15 19:08:00.521 2009] 0.000 sec [all/2/rel 0 (0,20)] [*] feather
[Sat Aug 15 19:08:00.524 2009] 0.000 sec [all/3/rel 0 (0,20)] [*] feather
[Sat Aug 15 19:08:02.558 2009] 0.000 sec [all/2/rel 0 (0,20)] [*] ex
[Sat Aug 15 19:08:02.560 2009] 0.000 sec [all/2/rel 0 (0,20)] [*] ex
[Sat Aug 15 19:08:02.563 2009] 0.000 sec [all/3/rel 0 (0,20)] [*] ex
[Sat Aug 15 19:08:04.064 2009] 0.000 sec [all/2/rel 0 (0,20)] [*] expl
[Sat Aug 15 19:08:04.066 2009] 0.000 sec [all/2/rel 0 (0,20)] [*] expl
[Sat Aug 15 19:08:04.069 2009] 0.001 sec [all/3/rel 0 (0,20)] [*] expl
[Sat Aug 15 19:08:06.225 2009] 0.000 sec [all/2/rel 0 (0,20)] [*] explod
[Sat Aug 15 19:08:06.227 2009] 0.000 sec [all/2/rel 0 (0,20)] [*] explod
[Sat Aug 15 19:08:06.231 2009] 0.000 sec [all/3/rel 0 (0,20)] [*] explod
[Sat Aug 15 19:08:06.962 2009] 0.000 sec [all/2/rel 0 (0,20)] [*] explode
[Sat Aug 15 19:08:06.965 2009] 0.000 sec [all/2/rel 0 (0,20)] [*] explode
[Sat Aug 15 19:08:06.968 2009] 0.000 sec [all/3/rel 0 (0,20)] [*] explode
[Sat Aug 15 19:08:08.001 2009] 0.000 sec [all/2/rel 0 (0,20)] [*] exploded
[Sat Aug 15 19:08:08.004 2009] 0.000 sec [all/2/rel 0 (0,20)] [*] exploded
[Sat Aug 15 19:08:08.007 2009] 0.000 sec [all/3/rel 1 (0,20)] [*] exploded
[Sat Aug 15 19:08:09.418 2009] 0.000 sec [all/2/rel 0 (0,20)] [*] explode
[Sat Aug 15 19:08:09.420 2009] 0.000 sec [all/2/rel 0 (0,20)] [*] explode
[Sat Aug 15 19:08:09.423 2009] 0.000 sec [all/3/rel 0 (0,20)] [*] explode
[Sat Aug 15 19:08:09.638 2009] 0.000 sec [scan/2/rel 3 (0,20)] [*] 
[Sat Aug 15 19:08:09.646 2009] 0.000 sec [scan/2/rel 6 (0,20)] [*] 
[Sat Aug 15 19:08:09.652 2009] 0.000 sec [scan/3/rel 11 (0,20)] [*] 
[Sat Aug 15 19:08:11.307 2009] 0.000 sec [all/2/rel 1 (0,20)] [*] cern
[Sat Aug 15 19:08:11.313 2009] 0.000 sec [all/2/rel 0 (0,20)] [*] cern
[Sat Aug 15 19:08:11.316 2009] 0.000 sec [all/3/rel 0 (0,20)] [*] cern
[Sat Aug 15 19:08:14.230 2009] 0.000 sec [all/2/rel 1 (0,20)] [*] cern
[Sat Aug 15 19:08:14.236 2009] 0.000 sec [all/2/rel 0 (0,20)] [*] cern
[Sat Aug 15 19:08:14.239 2009] 0.000 sec [all/3/rel 0 (0,20)] [*] cern
[Sat Aug 15 19:26:55.491 2009] 0.000 sec [all/2/rel 0 (0,20)] [*] c
[Sat Aug 15 19:26:55.589 2009] 0.000 sec [all/2/rel 0 (0,20)] [*] c
[Sat Aug 15 19:26:55.593 2009] 0.000 sec [all/3/rel 0 (0,20)] [*] c
[Sat Aug 15 19:26:56.112 2009] 0.000 sec [all/2/rel 0 (0,20)] [*] ce
[Sat Aug 15 19:26:56.114 2009] 0.000 sec [all/2/rel 0 (0,20)] [*] ce
[Sat Aug 15 19:26:56.116 2009] 0.000 sec [all/3/rel 0 (0,20)] [*] ce
[Sat Aug 15 19:26:56.690 2009] 0.000 sec [all/2/rel 0 (0,20)] [*] cer
[Sat Aug 15 19:26:56.693 2009] 0.000 sec [all/2/rel 0 (0,20)] [*] cer
[Sat Aug 15 19:26:56.696 2009] 0.000 sec [all/3/rel 0 (0,20)] [*] cer
[Sat Aug 15 19:26:57.708 2009] 0.018 sec [all/2/rel 1 (0,20)] [*] cern
[Sat Aug 15 19:26:57.713 2009] 0.000 sec [all/2/rel 0 (0,20)] [*] cern
[Sat Aug 15 19:26:57.716 2009] 0.000 sec [all/3/rel 0 (0,20)] [*] cern
[Sat Aug 15 19:27:04.157 2009] 0.000 sec [all/2/rel 1 (0,20)] [*] cern
[Sat Aug 15 19:27:04.163 2009] 0.000 sec [all/2/rel 0 (0,20)] [*] cern
[Sat Aug 15 19:27:04.166 2009] 0.000 sec [all/3/rel 0 (0,20)] [*] cern
[Sat Aug 15 19:27:48.955 2009] 0.000 sec [scan/2/rel 0 (0,20)] [note_core] 
[Sat Aug 15 19:27:53.485 2009] 0.000 sec [all/2/rel 0 (0,20)] [*] c
[Sat Aug 15 19:27:53.487 2009] 0.000 sec [all/2/rel 0 (0,20)] [*] c
[Sat Aug 15 19:27:53.490 2009] 0.000 sec [all/3/rel 0 (0,20)] [*] c
[Sat Aug 15 19:27:54.302 2009] 0.000 sec [all/2/rel 0 (0,20)] [*] ce
[Sat Aug 15 19:27:54.304 2009] 0.000 sec [all/2/rel 0 (0,20)] [*] ce
[Sat Aug 15 19:27:54.307 2009] 0.000 sec [all/3/rel 0 (0,20)] [*] ce
[Sat Aug 15 19:27:54.930 2009] 0.000 sec [all/2/rel 0 (0,20)] [*] cer
[Sat Aug 15 19:27:54.933 2009] 0.000 sec [all/2/rel 0 (0,20)] [*] cer
[Sat Aug 15 19:27:54.936 2009] 0.001 sec [all/3/rel 0 (0,20)] [*] cer
[Sat Aug 15 19:27:55.794 2009] 0.000 sec [all/2/rel 1 (0,20)] [*] cern
[Sat Aug 15 19:27:55.895 2009] 0.000 sec [all/2/rel 0 (0,20)] [*] cern
[Sat Aug 15 19:27:55.898 2009] 0.000 sec [all/3/rel 0 (0,20)] [*] cern
[Sat Aug 15 19:29:32.049 2009] 0.000 sec [all/2/rel 0 (0,20)] [*] c
[Sat Aug 15 19:29:32.051 2009] 0.000 sec [all/2/rel 0 (0,20)] [*] c
[Sat Aug 15 19:29:32.054 2009] 0.000 sec [all/3/rel 0 (0,20)] [*] c
[Sat Aug 15 19:29:32.749 2009] 0.000 sec [all/2/rel 0 (0,20)] [*] cer
[Sat Aug 15 19:29:32.752 2009] 0.000 sec [all/2/rel 0 (0,20)] [*] cer
[Sat Aug 15 19:29:32.757 2009] 0.000 sec [all/3/rel 0 (0,20)] [*] cer
[Sat Aug 15 19:29:34.210 2009] 0.000 sec [all/2/rel 1 (0,20)] [*] cern
[Sat Aug 15 19:29:34.288 2009] 0.000 sec [all/2/rel 0 (0,20)] [*] cern
[Sat Aug 15 19:29:34.291 2009] 0.000 sec [all/3/rel 1 (0,20)] [*] cern
[Sat Aug 15 19:31:19.764 2009] 0.000 sec [all/2/rel 1 (0,20)] [*] cern
[Sat Aug 15 19:31:19.770 2009] 0.000 sec [all/2/rel 0 (0,20)] [*] cern
[Sat Aug 15 19:31:19.772 2009] 0.000 sec [all/3/rel 1 (0,20)] [*] cern
[Sat Aug 15 19:33:33.586 2009] 0.000 sec [all/2/rel 0 (0,20)] [*] c
[Sat Aug 15 19:33:33.588 2009] 0.000 sec [all/2/rel 0 (0,20)] [*] c
[Sat Aug 15 19:33:33.592 2009] 0.000 sec [all/3/rel 0 (0,20)] [*] c
[Sat Aug 15 19:33:34.522 2009] 0.000 sec [all/2/rel 1 (0,20)] [*] cern
[Sat Aug 15 19:33:34.528 2009] 0.000 sec [all/2/rel 0 (0,20)] [*] cern
[Sat Aug 15 19:33:34.530 2009] 0.000 sec [all/3/rel 1 (0,20)] [*] cern
[Sat Aug 15 19:47:09.195 2009] 0.000 sec [all/2/rel 0 (0,20)] [*] ce
[Sat Aug 15 19:47:09.199 2009] 0.000 sec [all/2/rel 0 (0,20)] [*] ce
[Sat Aug 15 19:47:09.201 2009] 0.000 sec [all/3/rel 0 (0,20)] [*] ce
[Sat Aug 15 19:47:59.935 2009] 0.000 sec [all/2/rel 0 (0,20)] [*] c
[Sat Aug 15 19:47:59.937 2009] 0.000 sec [all/2/rel 0 (0,20)] [*] c
[Sat Aug 15 19:47:59.941 2009] 0.000 sec [all/3/rel 0 (0,20)] [*] c
[Sat Aug 15 19:52:39.193 2009] 0.000 sec [all/2/rel 0 (0,20)] [*] c
[Sat Aug 15 19:52:39.199 2009] 0.000 sec [all/2/rel 0 (0,20)] [*] c
[Sat Aug 15 19:52:39.203 2009] 0.000 sec [all/3/rel 0 (0,20)] [*] c
[Sat Aug 15 19:53:03.170 2009] 0.000 sec [all/2/rel 1 (0,20)] [*] cern
[Sat Aug 15 19:53:03.177 2009] 0.000 sec [all/2/rel 0 (0,20)] [*] cern
[Sat Aug 15 19:53:03.179 2009] 0.000 sec [all/3/rel 1 (0,20)] [*] cern
[Sat Aug 15 19:56:12.032 2009] 0.000 sec [all/2/rel 0 (0,20)] [*] c
[Sat Aug 15 19:56:12.034 2009] 0.000 sec [all/2/rel 0 (0,20)] [*] c
[Sat Aug 15 19:56:12.037 2009] 0.000 sec [all/3/rel 0 (0,20)] [*] c
[Sat Aug 15 19:56:31.511 2009] 0.000 sec [all/2/rel 0 (0,20)] [*] c
[Sat Aug 15 19:56:31.514 2009] 0.000 sec [all/2/rel 0 (0,20)] [*] c
[Sat Aug 15 19:56:31.517 2009] 0.000 sec [all/3/rel 0 (0,20)] [*] c
[Sat Aug 15 20:02:19.310 2009] 0.000 sec [all/2/rel 0 (0,20)] [*] c
[Sat Aug 15 20:02:19.315 2009] 0.000 sec [all/2/rel 0 (0,20)] [*] c
[Sat Aug 15 20:02:19.318 2009] 0.000 sec [all/3/rel 0 (0,20)] [*] c
[Sat Aug 15 20:02:20.617 2009] 0.000 sec [all/2/rel 0 (0,20)] [*] cer
[Sat Aug 15 20:02:20.620 2009] 0.000 sec [all/2/rel 0 (0,20)] [*] cer
[Sat Aug 15 20:02:20.625 2009] 0.000 sec [all/3/rel 0 (0,20)] [*] cer
[Sat Aug 15 20:02:22.915 2009] 0.000 sec [all/2/rel 1 (0,20)] [*] cern
[Sat Aug 15 20:02:22.923 2009] 0.000 sec [all/2/rel 0 (0,20)] [*] cern
[Sat Aug 15 20:02:22.926 2009] 0.000 sec [all/3/rel 1 (0,20)] [*] cern
[Sat Aug 15 20:03:57.010 2009] 0.000 sec [all/2/rel 0 (0,20)] [*] c
[Sat Aug 15 20:03:57.013 2009] 0.000 sec [all/2/rel 0 (0,20)] [*] c
[Sat Aug 15 20:03:57.016 2009] 0.000 sec [all/3/rel 0 (0,20)] [*] c
[Sat Aug 15 20:03:58.057 2009] 0.000 sec [all/2/rel 0 (0,20)] [*] ce
[Sat Aug 15 20:03:58.060 2009] 0.000 sec [all/2/rel 0 (0,20)] [*] ce
[Sat Aug 15 20:03:58.063 2009] 0.000 sec [all/3/rel 0 (0,20)] [*] ce
[Sat Aug 15 20:03:59.323 2009] 0.000 sec [all/2/rel 0 (0,20)] [*] cer
[Sat Aug 15 20:03:59.326 2009] 0.000 sec [all/2/rel 0 (0,20)] [*] cer
[Sat Aug 15 20:03:59.329 2009] 0.000 sec [all/3/rel 0 (0,20)] [*] cer
[Sat Aug 15 20:03:59.869 2009] 0.000 sec [all/2/rel 1 (0,20)] [*] cern
[Sat Aug 15 20:03:59.875 2009] 0.000 sec [all/2/rel 0 (0,20)] [*] cern
[Sat Aug 15 20:03:59.877 2009] 0.000 sec [all/3/rel 1 (0,20)] [*] cern
[Sat Aug 15 20:05:17.551 2009] 0.000 sec [all/2/rel 0 (0,20)] [*] c
[Sat Aug 15 20:05:17.553 2009] 0.000 sec [all/2/rel 0 (0,20)] [*] c
[Sat Aug 15 20:05:17.556 2009] 0.000 sec [all/3/rel 0 (0,20)] [*] c
[Sat Aug 15 20:05:18.511 2009] 0.000 sec [all/2/rel 0 (0,20)] [*] cer
[Sat Aug 15 20:05:18.514 2009] 0.000 sec [all/2/rel 0 (0,20)] [*] cer
[Sat Aug 15 20:05:18.517 2009] 0.000 sec [all/3/rel 0 (0,20)] [*] cer
[Sat Aug 15 20:05:24.864 2009] 0.000 sec [all/2/rel 0 (0,20)] [*] cernn
[Sat Aug 15 20:05:24.867 2009] 0.000 sec [all/2/rel 0 (0,20)] [*] cernn
[Sat Aug 15 20:05:24.870 2009] 0.000 sec [all/3/rel 0 (0,20)] [*] cernn
[Sat Aug 15 20:05:28.037 2009] 0.000 sec [all/2/rel 1 (0,20)] [*] cern
[Sat Aug 15 20:05:28.042 2009] 0.000 sec [all/2/rel 0 (0,20)] [*] cern
[Sat Aug 15 20:05:28.045 2009] 0.000 sec [all/3/rel 1 (0,20)] [*] cern
[Sat Aug 15 20:06:32.320 2009] 0.000 sec [all/2/rel 0 (0,20)] [*] cer
[Sat Aug 15 20:06:32.324 2009] 0.001 sec [all/2/rel 0 (0,20)] [*] cer
[Sat Aug 15 20:06:32.329 2009] 0.000 sec [all/3/rel 0 (0,20)] [*] cer
[Sat Aug 15 20:09:08.311 2009] 0.000 sec [all/2/rel 1 (0,20)] [*] cern
[Sat Aug 15 20:09:08.317 2009] 0.000 sec [all/2/rel 0 (0,20)] [*] cern
[Sat Aug 15 20:09:08.320 2009] 0.000 sec [all/3/rel 1 (0,20)] [*] cern
[Sat Aug 15 20:09:19.909 2009] 0.000 sec [all/2/rel 1 (0,20)] [*] cern
[Sat Aug 15 20:09:19.915 2009] 0.000 sec [all/2/rel 0 (0,20)] [*] cern
[Sat Aug 15 20:09:19.917 2009] 0.000 sec [all/3/rel 1 (0,20)] [*] cern
[Sat Aug 15 20:17:02.308 2009] 0.000 sec [all/2/rel 0 (0,20)] [*] c
[Sat Aug 15 20:17:02.311 2009] 0.000 sec [all/2/rel 0 (0,20)] [*] c
[Sat Aug 15 20:17:02.315 2009] 0.000 sec [all/3/rel 0 (0,20)] [*] c
[Sat Aug 15 20:17:03.021 2009] 0.000 sec [all/2/rel 0 (0,20)] [*] cer
[Sat Aug 15 20:17:03.024 2009] 0.000 sec [all/2/rel 0 (0,20)] [*] cer
[Sat Aug 15 20:17:03.027 2009] 0.000 sec [all/3/rel 0 (0,20)] [*] cer
[Sat Aug 15 20:17:03.556 2009] 0.000 sec [all/2/rel 1 (0,20)] [*] cern
[Sat Aug 15 20:17:03.562 2009] 0.000 sec [all/2/rel 0 (0,20)] [*] cern
[Sat Aug 15 20:17:03.565 2009] 0.000 sec [all/3/rel 1 (0,20)] [*] cern
[Sat Aug 15 20:18:22.972 2009] 0.000 sec [all/2/rel 1 (0,20)] [*] cern
[Sat Aug 15 20:18:22.977 2009] 0.000 sec [all/2/rel 0 (0,20)] [*] cern
[Sat Aug 15 20:18:22.980 2009] 0.000 sec [all/3/rel 1 (0,20)] [*] cern
[Sat Aug 15 20:18:41.436 2009] 0.000 sec [all/2/rel 1 (0,20)] [*] cern
[Sat Aug 15 20:18:41.442 2009] 0.000 sec [all/2/rel 0 (0,20)] [*] cern
[Sat Aug 15 20:18:41.444 2009] 0.000 sec [all/3/rel 1 (0,20)] [*] cern
[Sat Aug 15 20:19:51.665 2009] 0.000 sec [all/2/rel 0 (0,20)] [*] c
[Sat Aug 15 20:19:51.668 2009] 0.000 sec [all/2/rel 0 (0,20)] [*] c
[Sat Aug 15 20:19:51.670 2009] 0.000 sec [all/3/rel 0 (0,20)] [*] c
[Sat Aug 15 20:19:52.283 2009] 0.000 sec [all/2/rel 0 (0,20)] [*] cer
[Sat Aug 15 20:19:52.285 2009] 0.000 sec [all/2/rel 0 (0,20)] [*] cer
[Sat Aug 15 20:19:52.288 2009] 0.000 sec [all/3/rel 0 (0,20)] [*] cer
[Sat Aug 15 20:19:53.313 2009] 0.000 sec [all/2/rel 1 (0,20)] [*] cern
[Sat Aug 15 20:19:53.319 2009] 0.000 sec [all/2/rel 0 (0,20)] [*] cern
[Sat Aug 15 20:19:53.322 2009] 0.000 sec [all/3/rel 1 (0,20)] [*] cern
[Sat Aug 15 20:19:56.193 2009] 0.000 sec [all/2/rel 1 (0,20)] [*] CERN is a crock
[Sat Aug 15 20:19:56.200 2009] 0.000 sec [all/2/rel 0 (0,20)] [*] CERN is a crock
[Sat Aug 15 20:19:56.203 2009] 0.000 sec [all/3/rel 0 (0,20)] [*] CERN is a crock
[Sat Aug 15 20:20:48.113 2009] 0.000 sec [all/2/rel 1 (0,20)] [*] CERN is a crock
[Sat Aug 15 20:20:48.118 2009] 0.000 sec [all/2/rel 0 (0,20)] [*] CERN is a crock
[Sat Aug 15 20:20:48.121 2009] 0.000 sec [all/3/rel 0 (0,20)] [*] CERN is a crock
[Sat Aug 15 20:21:04.733 2009] 0.001 sec [all/2/rel 1 (0,20)] [*] CERN is a crock
[Sat Aug 15 20:21:04.739 2009] 0.000 sec [all/2/rel 0 (0,20)] [*] CERN is a crock
[Sat Aug 15 20:21:04.741 2009] 0.000 sec [all/3/rel 0 (0,20)] [*] CERN is a crock
[Sat Aug 15 20:21:08.327 2009] 0.000 sec [all/2/rel 0 (0,20)] [*] c
[Sat Aug 15 20:21:08.330 2009] 0.001 sec [all/2/rel 0 (0,20)] [*] c
[Sat Aug 15 20:21:08.333 2009] 0.000 sec [all/3/rel 0 (0,20)] [*] c
[Sat Aug 15 20:21:08.747 2009] 0.000 sec [all/2/rel 0 (0,20)] [*] ce
[Sat Aug 15 20:21:08.750 2009] 0.000 sec [all/2/rel 0 (0,20)] [*] ce
[Sat Aug 15 20:21:08.753 2009] 0.000 sec [all/3/rel 0 (0,20)] [*] ce
[Sat Aug 15 20:21:10.358 2009] 0.000 sec [all/2/rel 0 (0,20)] [*] cer
[Sat Aug 15 20:21:10.361 2009] 0.000 sec [all/2/rel 0 (0,20)] [*] cer
[Sat Aug 15 20:21:10.364 2009] 0.000 sec [all/3/rel 0 (0,20)] [*] cer
[Sat Aug 15 20:21:11.296 2009] 0.000 sec [all/2/rel 1 (0,20)] [*] cern
[Sat Aug 15 20:21:11.302 2009] 0.000 sec [all/2/rel 0 (0,20)] [*] cern
[Sat Aug 15 20:21:11.305 2009] 0.000 sec [all/3/rel 1 (0,20)] [*] cern
[Sat Aug 15 20:23:22.840 2009] 0.000 sec [all/2/rel 1 (0,20)] [*] CERN is a crock
[Sat Aug 15 20:23:22.846 2009] 0.000 sec [all/2/rel 0 (0,20)] [*] CERN is a crock
[Sat Aug 15 20:23:22.848 2009] 0.000 sec [all/3/rel 0 (0,20)] [*] CERN is a crock
[Sat Aug 15 20:23:27.175 2009] 0.000 sec [all/2/rel 0 (0,20)] [*] cer
[Sat Aug 15 20:23:27.177 2009] 0.000 sec [all/2/rel 0 (0,20)] [*] cer
[Sat Aug 15 20:23:27.181 2009] 0.000 sec [all/3/rel 0 (0,20)] [*] cer
[Sat Aug 15 20:23:38.550 2009] 0.000 sec [all/2/rel 1 (0,20)] [*] cern
[Sat Aug 15 20:23:38.556 2009] 0.000 sec [all/2/rel 0 (0,20)] [*] cern
[Sat Aug 15 20:23:38.558 2009] 0.000 sec [all/3/rel 1 (0,20)] [*] cern
[Sat Aug 15 20:23:46.104 2009] 0.000 sec [all/2/rel 0 (0,20)] [*] Why Cern? Why?
[Sat Aug 15 20:23:46.106 2009] 0.000 sec [all/2/rel 0 (0,20)] [*] Why Cern? Why?
[Sat Aug 15 20:23:46.109 2009] 0.000 sec [all/3/rel 1 (0,20)] [*] Why Cern? Why?
[Sat Aug 15 20:26:39.339 2009] 0.000 sec [all/2/rel 0 (0,20)] [*] c
[Sat Aug 15 20:26:39.341 2009] 0.000 sec [all/2/rel 0 (0,20)] [*] c
[Sat Aug 15 20:26:39.345 2009] 0.000 sec [all/3/rel 0 (0,20)] [*] c
[Sat Aug 15 20:26:40.210 2009] 0.000 sec [all/2/rel 0 (0,20)] [*] cer
[Sat Aug 15 20:26:40.212 2009] 0.000 sec [all/2/rel 0 (0,20)] [*] cer
[Sat Aug 15 20:26:40.216 2009] 0.000 sec [all/3/rel 0 (0,20)] [*] cer
[Sat Aug 15 20:26:40.858 2009] 0.000 sec [all/2/rel 1 (0,20)] [*] cern
[Sat Aug 15 20:26:40.863 2009] 0.001 sec [all/2/rel 0 (0,20)] [*] cern
[Sat Aug 15 20:26:40.866 2009] 0.000 sec [all/3/rel 1 (0,20)] [*] cern
[Sat Aug 15 20:26:45.575 2009] 0.001 sec [all/2/rel 1 (0,20)] [*] CERN is a crock
[Sat Aug 15 20:26:45.581 2009] 0.000 sec [all/2/rel 0 (0,20)] [*] CERN is a crock
[Sat Aug 15 20:26:45.583 2009] 0.000 sec [all/3/rel 0 (0,20)] [*] CERN is a crock
[Sat Aug 15 20:26:51.592 2009] 0.000 sec [all/2/rel 1 (0,20)] [*] cern
[Sat Aug 15 20:26:51.598 2009] 0.000 sec [all/2/rel 0 (0,20)] [*] cern
[Sat Aug 15 20:26:51.600 2009] 0.000 sec [all/3/rel 1 (0,20)] [*] cern
[Sat Aug 15 20:26:55.646 2009] 0.000 sec [all/2/rel 0 (0,20)] [*] Why Cern? Why?
[Sat Aug 15 20:26:55.648 2009] 0.000 sec [all/2/rel 0 (0,20)] [*] Why Cern? Why?
[Sat Aug 15 20:26:55.652 2009] 0.000 sec [all/3/rel 1 (0,20)] [*] Why Cern? Why?
[Sat Aug 15 20:29:07.899 2009] 0.000 sec [all/2/rel 1 (0,20)] [*] cern
[Sat Aug 15 20:29:07.905 2009] 0.000 sec [all/2/rel 0 (0,20)] [*] cern
[Sat Aug 15 20:29:07.907 2009] 0.000 sec [all/3/rel 1 (0,20)] [*] cern
[Sat Aug 15 20:29:10.839 2009] 0.000 sec [all/2/rel 0 (0,20)] [*] Why Cern? Why?
[Sat Aug 15 20:29:10.842 2009] 0.000 sec [all/2/rel 0 (0,20)] [*] Why Cern? Why?
[Sat Aug 15 20:29:10.845 2009] 0.000 sec [all/3/rel 1 (0,20)] [*] Why Cern? Why?
[Sat Aug 15 20:29:52.774 2009] 0.000 sec [all/2/rel 1 (0,20)] [*] cern
[Sat Aug 15 20:29:52.780 2009] 0.000 sec [all/2/rel 0 (0,20)] [*] cern
[Sat Aug 15 20:29:52.783 2009] 0.000 sec [all/3/rel 1 (0,20)] [*] cern
[Sat Aug 15 20:30:30.248 2009] 0.000 sec [all/2/rel 1 (0,20)] [*] cern
[Sat Aug 15 20:30:30.254 2009] 0.000 sec [all/2/rel 0 (0,20)] [*] cern
[Sat Aug 15 20:30:30.256 2009] 0.000 sec [all/3/rel 1 (0,20)] [*] cern
[Sat Aug 15 20:30:32.241 2009] 0.000 sec [all/2/rel 0 (0,20)] [*] Why Cern? Why?
[Sat Aug 15 20:30:32.244 2009] 0.000 sec [all/2/rel 0 (0,20)] [*] Why Cern? Why?
[Sat Aug 15 20:30:32.246 2009] 0.000 sec [all/3/rel 1 (0,20)] [*] Why Cern? Why?
[Sat Aug 15 20:32:10.048 2009] 0.000 sec [all/2/rel 1 (0,20)] [*] cern
[Sat Aug 15 20:32:10.053 2009] 0.000 sec [all/2/rel 0 (0,20)] [*] cern
[Sat Aug 15 20:32:10.056 2009] 0.000 sec [all/3/rel 1 (0,20)] [*] cern
[Sat Aug 15 20:32:12.531 2009] 0.000 sec [all/2/rel 0 (0,20)] [*] Why Cern? Why?
[Sat Aug 15 20:32:12.534 2009] 0.000 sec [all/2/rel 0 (0,20)] [*] Why Cern? Why?
[Sat Aug 15 20:32:12.537 2009] 0.000 sec [all/3/rel 1 (0,20)] [*] Why Cern? Why?
[Sat Aug 15 20:32:46.231 2009] 0.000 sec [all/2/rel 0 (0,20)] [*] know
[Sat Aug 15 20:32:46.233 2009] 0.000 sec [all/2/rel 0 (0,20)] [*] know
[Sat Aug 15 20:32:46.236 2009] 0.000 sec [all/3/rel 2 (0,20)] [*] know
[Sat Aug 15 20:32:51.436 2009] 0.000 sec [all/2/rel 0 (0,20)] [*] This first trial
[Sat Aug 15 20:32:51.438 2009] 0.000 sec [all/2/rel 0 (0,20)] [*] This first trial
[Sat Aug 15 20:32:51.441 2009] 0.000 sec [all/3/rel 1 (0,20)] [*] This first trial
[Sat Aug 15 20:34:28.438 2009] 0.000 sec [all/2/rel 0 (0,20)] [*] know
[Sat Aug 15 20:34:28.441 2009] 0.000 sec [all/2/rel 0 (0,20)] [*] know
[Sat Aug 15 20:34:28.444 2009] 0.000 sec [all/3/rel 2 (0,20)] [*] know
[Sat Aug 15 20:34:31.464 2009] 0.000 sec [all/2/rel 0 (0,20)] [*] Note: This first trial
[Sat Aug 15 20:34:31.466 2009] 0.000 sec [all/2/rel 0 (0,20)] [*] Note: This first trial
[Sat Aug 15 20:34:31.470 2009] 0.000 sec [all/3/rel 0 (0,20)] [*] Note: This first trial
[Sat Aug 15 20:35:40.504 2009] 0.000 sec [all/2/rel 0 (0,20)] [*] know
[Sat Aug 15 20:35:40.506 2009] 0.000 sec [all/2/rel 0 (0,20)] [*] know
[Sat Aug 15 20:35:40.510 2009] 0.000 sec [all/3/rel 2 (0,20)] [*] know
[Sat Aug 15 20:35:43.156 2009] 0.000 sec [all/2/rel 0 (0,20)] [*] Note: This first trial
[Sat Aug 15 20:35:43.159 2009] 0.000 sec [all/2/rel 0 (0,20)] [*] Note: This first trial
[Sat Aug 15 20:35:43.162 2009] 0.000 sec [all/3/rel 0 (0,20)] [*] Note: This first trial
[Sat Aug 15 20:36:11.416 2009] 0.000 sec [all/2/rel 0 (0,20)] [*] know
[Sat Aug 15 20:36:11.418 2009] 0.000 sec [all/2/rel 0 (0,20)] [*] know
[Sat Aug 15 20:36:11.422 2009] 0.000 sec [all/3/rel 2 (0,20)] [*] know
[Sat Aug 15 20:36:14.069 2009] 0.000 sec [all/2/rel 0 (0,20)] [*] This first trial
[Sat Aug 15 20:36:14.071 2009] 0.000 sec [all/2/rel 0 (0,20)] [*] This first trial
[Sat Aug 15 20:36:14.075 2009] 0.000 sec [all/3/rel 1 (0,20)] [*] This first trial
[Sat Aug 15 20:36:51.833 2009] 0.000 sec [all/2/rel 0 (0,20)] [*] wtf
[Sat Aug 15 20:36:51.835 2009] 0.000 sec [all/2/rel 1 (0,20)] [*] wtf
[Sat Aug 15 20:36:51.841 2009] 0.000 sec [all/3/rel 0 (0,20)] [*] wtf
[Sat Aug 15 20:36:54.486 2009] 0.000 sec [all/2/rel 0 (0,20)] [*] WTF is this going to do
[Sat Aug 15 20:36:54.489 2009] 0.000 sec [all/2/rel 1 (0,20)] [*] WTF is this going to do
[Sat Aug 15 20:36:54.496 2009] 0.000 sec [all/3/rel 0 (0,20)] [*] WTF is this going to do
[Sat Aug 15 20:37:05.341 2009] 0.000 sec [all/2/rel 0 (0,20)] [*] wtf
[Sat Aug 15 20:37:05.343 2009] 0.000 sec [all/2/rel 1 (0,20)] [*] wtf
[Sat Aug 15 20:37:05.350 2009] 0.000 sec [all/3/rel 0 (0,20)] [*] wtf
[Sat Aug 15 20:37:07.345 2009] 0.000 sec [all/2/rel 0 (0,20)] [*] WTF is this going to do
[Sat Aug 15 20:37:07.348 2009] 0.001 sec [all/2/rel 1 (0,20)] [*] WTF is this going to do
[Sat Aug 15 20:37:07.357 2009] 0.000 sec [all/3/rel 0 (0,20)] [*] WTF is this going to do
[Sat Aug 15 20:37:58.484 2009] 0.000 sec [all/2/rel 0 (0,20)] [*] wtf
[Sat Aug 15 20:37:58.488 2009] 0.001 sec [all/2/rel 1 (0,20)] [*] wtf
[Sat Aug 15 20:37:58.493 2009] 0.000 sec [all/3/rel 0 (0,20)] [*] wtf
[Sat Aug 15 20:38:00.678 2009] 0.001 sec [all/2/rel 0 (0,20)] [*] WTF is this going to do
[Sat Aug 15 20:38:00.681 2009] 0.000 sec [all/2/rel 1 (0,20)] [*] WTF is this going to do
[Sat Aug 15 20:38:00.688 2009] 0.000 sec [all/3/rel 0 (0,20)] [*] WTF is this going to do
[Sat Aug 15 20:39:07.462 2009] 0.000 sec [all/2/rel 0 (0,20)] [*] wtf
[Sat Aug 15 20:39:07.465 2009] 0.000 sec [all/2/rel 1 (0,20)] [*] wtf
[Sat Aug 15 20:39:07.470 2009] 0.000 sec [all/3/rel 0 (0,20)] [*] wtf
[Sat Aug 15 20:39:09.586 2009] 0.000 sec [all/2/rel 0 (0,20)] [*] WTF is this going to do
[Sat Aug 15 20:39:09.589 2009] 0.000 sec [all/2/rel 1 (0,20)] [*] WTF is this going to do
[Sat Aug 15 20:39:09.596 2009] 0.000 sec [all/3/rel 0 (0,20)] [*] WTF is this going to do
[Sat Aug 15 20:40:13.928 2009] 0.000 sec [all/2/rel 0 (0,20)] [*] wtf
[Sat Aug 15 20:40:13.931 2009] 0.000 sec [all/2/rel 1 (0,20)] [*] wtf
[Sat Aug 15 20:40:13.937 2009] 0.000 sec [all/3/rel 0 (0,20)] [*] wtf
[Sat Aug 15 20:40:53.586 2009] 0.000 sec [all/2/rel 0 (0,20)] [*] asd
[Sat Aug 15 20:40:53.589 2009] 0.000 sec [all/2/rel 0 (0,20)] [*] asd
[Sat Aug 15 20:40:53.592 2009] 0.000 sec [all/3/rel 0 (0,20)] [*] asd
[Sat Aug 15 20:40:55.608 2009] 0.000 sec [all/2/rel 0 (0,20)] [*] asdffsd
[Sat Aug 15 20:40:55.611 2009] 0.000 sec [all/2/rel 0 (0,20)] [*] asdffsd
[Sat Aug 15 20:40:55.614 2009] 0.000 sec [all/3/rel 0 (0,20)] [*] asdffsd
[Sat Aug 15 20:40:57.066 2009] 0.000 sec [all/2/rel 0 (0,20)] [*] asdffsd
[Sat Aug 15 20:40:57.069 2009] 0.000 sec [all/2/rel 0 (0,20)] [*] asdffsd
[Sat Aug 15 20:40:57.072 2009] 0.000 sec [all/3/rel 0 (0,20)] [*] asdffsd
[Sat Aug 15 20:41:03.513 2009] 0.000 sec [all/2/rel 1 (0,20)] [*] a
[Sat Aug 15 20:41:03.519 2009] 0.000 sec [all/2/rel 1 (0,20)] [*] a
[Sat Aug 15 20:41:03.524 2009] 0.000 sec [all/3/rel 1 (0,20)] [*] a
[Sat Aug 15 20:41:05.301 2009] 0.000 sec [all/2/rel 0 (0,20)] [*] asdffas
[Sat Aug 15 20:41:05.303 2009] 0.000 sec [all/2/rel 0 (0,20)] [*] asdffas
[Sat Aug 15 20:41:05.306 2009] 0.000 sec [all/3/rel 0 (0,20)] [*] asdffas
[Sat Aug 15 20:41:07.200 2009] 0.000 sec [all/2/rel 1 (0,20)] [*] asdffasd
[Sat Aug 15 20:41:07.298 2009] 0.000 sec [all/2/rel 0 (0,20)] [*] asdffasd
[Sat Aug 15 20:41:07.301 2009] 0.000 sec [all/3/rel 0 (0,20)] [*] asdffasd
[Sat Aug 15 20:41:09.406 2009] 0.000 sec [all/2/rel 1 (0,20)] [*] asdffasd
[Sat Aug 15 20:41:09.412 2009] 0.000 sec [all/2/rel 0 (0,20)] [*] asdffasd
[Sat Aug 15 20:41:09.415 2009] 0.000 sec [all/3/rel 0 (0,20)] [*] asdffasd
[Sat Aug 15 20:51:52.516 2009] 0.000 sec [all/2/rel 0 (0,20)] [*] th
[Sat Aug 15 20:51:52.520 2009] 0.000 sec [all/2/rel 0 (0,20)] [*] th
[Sat Aug 15 20:51:52.523 2009] 0.000 sec [all/3/rel 0 (0,20)] [*] th
[Sat Aug 15 20:51:53.446 2009] 0.000 sec [all/2/rel 0 (0,20)] [*] think
[Sat Aug 15 20:51:53.449 2009] 0.000 sec [all/2/rel 1 (0,20)] [*] think
[Sat Aug 15 20:51:53.455 2009] 0.000 sec [all/3/rel 1 (0,20)] [*] think
[Sat Aug 15 20:52:01.529 2009] 0.000 sec [all/2/rel 0 (0,20)] [*] s
[Sat Aug 15 20:52:01.532 2009] 0.000 sec [all/2/rel 0 (0,20)] [*] s
[Sat Aug 15 20:52:01.536 2009] 0.000 sec [all/3/rel 0 (0,20)] [*] s
[Sat Aug 15 20:52:02.330 2009] 0.000 sec [all/2/rel 0 (0,20)] [*] shi
[Sat Aug 15 20:52:02.337 2009] 0.000 sec [all/2/rel 0 (0,20)] [*] shi
[Sat Aug 15 20:52:02.340 2009] 0.000 sec [all/3/rel 0 (0,20)] [*] shi
[Sat Aug 15 20:52:07.357 2009] 0.000 sec [all/2/rel 0 (0,20)] [*] shit
[Sat Aug 15 20:52:07.360 2009] 0.000 sec [all/2/rel 0 (0,20)] [*] shit
[Sat Aug 15 20:52:07.363 2009] 0.000 sec [all/3/rel 1 (0,20)] [*] shit
[Sat Aug 15 20:52:16.015 2009] 0.000 sec [all/2/rel 0 (0,20)] [*] Shit, it br...
[Sat Aug 15 20:52:16.018 2009] 0.000 sec [all/2/rel 0 (0,20)] [*] Shit, it br...
[Sat Aug 15 20:52:16.024 2009] 0.000 sec [all/3/rel 0 (0,20)] [*] Shit, it br...
[Sat Aug 15 20:55:13.640 2009] 0.000 sec [all/2/rel 0 (0,20)] [*] shit
[Sat Aug 15 20:55:13.643 2009] 0.000 sec [all/2/rel 0 (0,20)] [*] shit
[Sat Aug 15 20:55:13.645 2009] 0.000 sec [all/3/rel 1 (0,20)] [*] shit
[Sat Aug 15 20:55:15.698 2009] 0.000 sec [all/2/rel 0 (0,20)] [*] Shit, it broke
[Sat Aug 15 20:55:15.700 2009] 0.000 sec [all/2/rel 0 (0,20)] [*] Shit, it broke
[Sat Aug 15 20:55:15.703 2009] 0.000 sec [all/3/rel 1 (0,20)] [*] Shit, it broke
[Sat Aug 15 20:56:21.559 2009] 0.000 sec [all/2/rel 0 (0,20)] [*] Shit, it broke
[Sat Aug 15 20:56:21.562 2009] 0.000 sec [all/2/rel 0 (0,20)] [*] Shit, it broke
[Sat Aug 15 20:56:21.565 2009] 0.000 sec [all/3/rel 1 (0,20)] [*] Shit, it broke
[Sat Aug 15 20:57:29.333 2009] 0.000 sec [scan/2/rel 0 (0,20)] [note_core] 
[Sat Aug 15 20:57:34.057 2009] 0.000 sec [all/2/rel 0 (0,20)] [*] jimm
[Sat Aug 15 20:57:34.154 2009] 0.000 sec [all/2/rel 0 (0,20)] [*] jimm
[Sat Aug 15 20:57:34.157 2009] 0.000 sec [all/3/rel 0 (0,20)] [*] jimm
[Sat Aug 15 20:57:35.049 2009] 0.000 sec [all/2/rel 0 (0,20)] [*] jimmy
[Sat Aug 15 20:57:35.051 2009] 0.000 sec [all/2/rel 0 (0,20)] [*] jimmy
[Sat Aug 15 20:57:35.054 2009] 0.000 sec [all/3/rel 0 (0,20)] [*] jimmy
[Sat Aug 15 20:57:39.153 2009] 0.000 sec [all/2/rel 0 (0,20)] [*] crack
[Sat Aug 15 20:57:39.156 2009] 0.000 sec [all/2/rel 0 (0,20)] [*] crack
[Sat Aug 15 20:57:39.160 2009] 0.000 sec [all/3/rel 0 (0,20)] [*] crack
[Sat Aug 15 20:57:42.902 2009] 0.000 sec [all/2/rel 0 (0,20)] [*] crack
[Sat Aug 15 20:57:42.904 2009] 0.000 sec [all/2/rel 0 (0,20)] [*] crack
[Sat Aug 15 20:57:42.908 2009] 0.000 sec [all/3/rel 0 (0,20)] [*] crack
[Sat Aug 15 20:58:16.858 2009] 0.000 sec [all/2/rel 0 (0,20)] [*] crack
[Sat Aug 15 20:58:16.861 2009] 0.001 sec [all/2/rel 0 (0,20)] [*] crack
[Sat Aug 15 20:58:16.864 2009] 0.000 sec [all/3/rel 1 (0,20)] [*] crack
[Sat Aug 15 21:08:45.940 2009] 0.000 sec [scan/2/rel 0 (0,20)] [project_core] 
[Sat Aug 15 21:09:23.478 2009] 0.000 sec [scan/2/rel 0 (0,20)] [experiment_core] 
[Sat Aug 15 21:09:54.848 2009] 0.000 sec [scan/2/rel 0 (0,20)] [project_core] 
[Sat Aug 15 21:10:17.516 2009] 0.000 sec [scan/2/rel 0 (0,20)] [experiment_core] 
[Sat Aug 15 21:10:50.938 2009] 0.000 sec [all/2/rel 0 (0,20)] [*] yeah
[Sat Aug 15 21:10:50.940 2009] 0.000 sec [all/2/rel 0 (0,20)] [*] yeah
[Sat Aug 15 21:10:50.943 2009] 0.000 sec [all/3/rel 0 (0,20)] [*] yeah
[Sat Aug 15 21:10:52.972 2009] 0.000 sec [all/2/rel 0 (0,20)] [*] yeah
[Sat Aug 15 21:10:52.975 2009] 0.000 sec [all/2/rel 0 (0,20)] [*] yeah
[Sat Aug 15 21:10:52.977 2009] 0.000 sec [all/3/rel 0 (0,20)] [*] yeah
[Sat Aug 15 21:11:22.568 2009] 0.000 sec [all/2/rel 1 (0,20)] [*] yeah
[Sat Aug 15 21:11:22.642 2009] 0.001 sec [all/2/rel 1 (0,20)] [*] yeah
[Sat Aug 15 21:11:22.647 2009] 0.000 sec [all/3/rel 0 (0,20)] [*] yeah
[Sat Aug 15 21:11:25.726 2009] 0.000 sec [all/2/rel 1 (0,20)] [*] Yeah yeah yeah
[Sat Aug 15 21:11:25.732 2009] 0.000 sec [all/2/rel 1 (0,20)] [*] Yeah yeah yeah
[Sat Aug 15 21:11:25.739 2009] 0.000 sec [all/3/rel 0 (0,20)] [*] Yeah yeah yeah
[Sat Aug 15 21:12:36.130 2009] 0.000 sec [scan/2/rel 0 (0,20)] [note_core] 
[Sat Aug 15 21:14:02.399 2009] 0.000 sec [scan/2/rel 0 (0,20)] [note_core] 
[Sat Aug 15 21:19:47.381 2009] 0.000 sec [scan/2/rel 0 (0,20)] [experiment_core] 
[Sat Aug 15 21:29:12.894 2009] 0.000 sec [scan/2/rel 0 (0,20)] [project_core] 
[Sat Aug 15 21:30:02.736 2009] 0.000 sec [scan/2/rel 0 (0,20)] [experiment_core] 
